{"C:\\Users\\Gosia\\Desktop\\GitHub\\Handyman\\components\\atoms\\AddPhotoButton\\AddPhotoButton.tsx": {"path":"C:\\Users\\Gosia\\Desktop\\GitHub\\Handyman\\components\\atoms\\AddPhotoButton\\AddPhotoButton.tsx","statementMap":{"0":{"start":{"line":12,"column":47},"end":{"line":26,"column":1}},"1":{"start":{"line":17,"column":2},"end":{"line":25,"column":4}},"2":{"start":{"line":20,"column":29},"end":{"line":20,"column":72}}},"fnMap":{"0":{"name":"(anonymous_0)","decl":{"start":{"line":12,"column":47},"end":{"line":12,"column":48}},"loc":{"start":{"line":16,"column":6},"end":{"line":26,"column":1}},"line":16},"1":{"name":"(anonymous_1)","decl":{"start":{"line":20,"column":13},"end":{"line":20,"column":14}},"loc":{"start":{"line":20,"column":29},"end":{"line":20,"column":72}},"line":20}},"branchMap":{"0":{"loc":{"start":{"line":20,"column":29},"end":{"line":20,"column":72}},"type":"cond-expr","locations":[{"start":{"line":20,"column":39},"end":{"line":20,"column":53}},{"start":{"line":20,"column":56},"end":{"line":20,"column":72}}],"line":20}},"s":{"0":1,"1":3,"2":3},"f":{"0":3,"1":3},"b":{"0":[2,1]},"_coverageSchema":"1a1c01bbd47fc00a2c39e90264f33305004495a9","hash":"437c2d8d7fb841895b816e50016e465c1c7d01d9"}
,"C:\\Users\\Gosia\\Desktop\\GitHub\\Handyman\\components\\atoms\\ButtonCategory\\ButtonCategory.tsx": {"path":"C:\\Users\\Gosia\\Desktop\\GitHub\\Handyman\\components\\atoms\\ButtonCategory\\ButtonCategory.tsx","statementMap":{"0":{"start":{"line":16,"column":47},"end":{"line":43,"column":1}},"1":{"start":{"line":24,"column":2},"end":{"line":42,"column":4}}},"fnMap":{"0":{"name":"(anonymous_0)","decl":{"start":{"line":16,"column":47},"end":{"line":16,"column":48}},"loc":{"start":{"line":23,"column":6},"end":{"line":43,"column":1}},"line":23}},"branchMap":{"0":{"loc":{"start":{"line":29,"column":15},"end":{"line":29,"column":59}},"type":"cond-expr","locations":[{"start":{"line":29,"column":26},"end":{"line":29,"column":40}},{"start":{"line":29,"column":43},"end":{"line":29,"column":59}}],"line":29},"1":{"loc":{"start":{"line":35,"column":19},"end":{"line":35,"column":61}},"type":"cond-expr","locations":[{"start":{"line":35,"column":30},"end":{"line":35,"column":41}},{"start":{"line":35,"column":44},"end":{"line":35,"column":61}}],"line":35}},"s":{"0":1,"1":3},"f":{"0":3},"b":{"0":[2,1],"1":[2,1]},"_coverageSchema":"1a1c01bbd47fc00a2c39e90264f33305004495a9","hash":"24a24f26124d9526d4eeec697d19cfdc48068546"}
,"C:\\Users\\Gosia\\Desktop\\GitHub\\Handyman\\components\\atoms\\ButtonGreen\\ButtonGreen.tsx": {"path":"C:\\Users\\Gosia\\Desktop\\GitHub\\Handyman\\components\\atoms\\ButtonGreen\\ButtonGreen.tsx","statementMap":{"0":{"start":{"line":14,"column":44},"end":{"line":35,"column":1}},"1":{"start":{"line":20,"column":2},"end":{"line":34,"column":4}},"2":{"start":{"line":27,"column":31},"end":{"line":27,"column":74}}},"fnMap":{"0":{"name":"(anonymous_0)","decl":{"start":{"line":14,"column":44},"end":{"line":14,"column":45}},"loc":{"start":{"line":19,"column":6},"end":{"line":35,"column":1}},"line":19},"1":{"name":"(anonymous_1)","decl":{"start":{"line":27,"column":15},"end":{"line":27,"column":16}},"loc":{"start":{"line":27,"column":31},"end":{"line":27,"column":74}},"line":27}},"branchMap":{"0":{"loc":{"start":{"line":27,"column":31},"end":{"line":27,"column":74}},"type":"cond-expr","locations":[{"start":{"line":27,"column":41},"end":{"line":27,"column":55}},{"start":{"line":27,"column":58},"end":{"line":27,"column":74}}],"line":27}},"s":{"0":1,"1":4,"2":4},"f":{"0":4,"1":4},"b":{"0":[2,2]},"_coverageSchema":"1a1c01bbd47fc00a2c39e90264f33305004495a9","hash":"59e92b29510cf2ff1afc278845d812391fe8349d"}
,"C:\\Users\\Gosia\\Desktop\\GitHub\\Handyman\\components\\atoms\\ButtonGreenIcon\\ButtonGreenIcon.tsx": {"path":"C:\\Users\\Gosia\\Desktop\\GitHub\\Handyman\\components\\atoms\\ButtonGreenIcon\\ButtonGreenIcon.tsx","statementMap":{"0":{"start":{"line":16,"column":48},"end":{"line":39,"column":1}},"1":{"start":{"line":23,"column":2},"end":{"line":38,"column":4}},"2":{"start":{"line":32,"column":31},"end":{"line":32,"column":74}}},"fnMap":{"0":{"name":"(anonymous_0)","decl":{"start":{"line":16,"column":48},"end":{"line":16,"column":49}},"loc":{"start":{"line":22,"column":6},"end":{"line":39,"column":1}},"line":22},"1":{"name":"(anonymous_1)","decl":{"start":{"line":32,"column":15},"end":{"line":32,"column":16}},"loc":{"start":{"line":32,"column":31},"end":{"line":32,"column":74}},"line":32}},"branchMap":{"0":{"loc":{"start":{"line":32,"column":31},"end":{"line":32,"column":74}},"type":"cond-expr","locations":[{"start":{"line":32,"column":41},"end":{"line":32,"column":55}},{"start":{"line":32,"column":58},"end":{"line":32,"column":74}}],"line":32}},"s":{"0":1,"1":4,"2":4},"f":{"0":4,"1":4},"b":{"0":[2,2]},"_coverageSchema":"1a1c01bbd47fc00a2c39e90264f33305004495a9","hash":"dc1bbd1be5902c3a32a48a0950e77423e120c7a1"}
,"C:\\Users\\Gosia\\Desktop\\GitHub\\Handyman\\components\\atoms\\ButtonGreenIconFirst\\ButtonGreenIconFirst.tsx": {"path":"C:\\Users\\Gosia\\Desktop\\GitHub\\Handyman\\components\\atoms\\ButtonGreenIconFirst\\ButtonGreenIconFirst.tsx","statementMap":{"0":{"start":{"line":16,"column":53},"end":{"line":39,"column":1}},"1":{"start":{"line":23,"column":2},"end":{"line":38,"column":4}},"2":{"start":{"line":30,"column":31},"end":{"line":30,"column":74}}},"fnMap":{"0":{"name":"(anonymous_0)","decl":{"start":{"line":16,"column":53},"end":{"line":16,"column":54}},"loc":{"start":{"line":22,"column":6},"end":{"line":39,"column":1}},"line":22},"1":{"name":"(anonymous_1)","decl":{"start":{"line":30,"column":15},"end":{"line":30,"column":16}},"loc":{"start":{"line":30,"column":31},"end":{"line":30,"column":74}},"line":30}},"branchMap":{"0":{"loc":{"start":{"line":30,"column":31},"end":{"line":30,"column":74}},"type":"cond-expr","locations":[{"start":{"line":30,"column":41},"end":{"line":30,"column":55}},{"start":{"line":30,"column":58},"end":{"line":30,"column":74}}],"line":30}},"s":{"0":1,"1":4,"2":4},"f":{"0":4,"1":4},"b":{"0":[2,2]},"_coverageSchema":"1a1c01bbd47fc00a2c39e90264f33305004495a9","hash":"80189e43f1bf60fdb4f0466e992a095f69392dc8"}
,"C:\\Users\\Gosia\\Desktop\\GitHub\\Handyman\\components\\atoms\\ButtonWhite\\ButtonWhite.tsx": {"path":"C:\\Users\\Gosia\\Desktop\\GitHub\\Handyman\\components\\atoms\\ButtonWhite\\ButtonWhite.tsx","statementMap":{"0":{"start":{"line":12,"column":44},"end":{"line":29,"column":1}},"1":{"start":{"line":18,"column":2},"end":{"line":28,"column":4}},"2":{"start":{"line":21,"column":31},"end":{"line":21,"column":74}}},"fnMap":{"0":{"name":"(anonymous_0)","decl":{"start":{"line":12,"column":44},"end":{"line":12,"column":45}},"loc":{"start":{"line":17,"column":6},"end":{"line":29,"column":1}},"line":17},"1":{"name":"(anonymous_1)","decl":{"start":{"line":21,"column":15},"end":{"line":21,"column":16}},"loc":{"start":{"line":21,"column":31},"end":{"line":21,"column":74}},"line":21}},"branchMap":{"0":{"loc":{"start":{"line":21,"column":31},"end":{"line":21,"column":74}},"type":"cond-expr","locations":[{"start":{"line":21,"column":41},"end":{"line":21,"column":55}},{"start":{"line":21,"column":58},"end":{"line":21,"column":74}}],"line":21}},"s":{"0":1,"1":4,"2":4},"f":{"0":4,"1":4},"b":{"0":[2,2]},"_coverageSchema":"1a1c01bbd47fc00a2c39e90264f33305004495a9","hash":"be4702952e49ea7d8ccf61d01e5982e2ca236ecb"}
,"C:\\Users\\Gosia\\Desktop\\GitHub\\Handyman\\components\\atoms\\CalendarStripe\\CalendarStripe.tsx": {"path":"C:\\Users\\Gosia\\Desktop\\GitHub\\Handyman\\components\\atoms\\CalendarStripe\\CalendarStripe.tsx","statementMap":{"0":{"start":{"line":19,"column":4},"end":{"line":57,"column":1}},"1":{"start":{"line":20,"column":42},"end":{"line":20,"column":68}},"2":{"start":{"line":22,"column":24},"end":{"line":22,"column":62}},"3":{"start":{"line":24,"column":21},"end":{"line":26,"column":3}},"4":{"start":{"line":25,"column":4},"end":{"line":25,"column":26}},"5":{"start":{"line":28,"column":2},"end":{"line":32,"column":6}},"6":{"start":{"line":28,"column":34},"end":{"line":32,"column":3}},"7":{"start":{"line":30,"column":6},"end":{"line":30,"column":26}},"8":{"start":{"line":33,"column":2},"end":{"line":56,"column":4}},"9":{"start":{"line":53,"column":32},"end":{"line":53,"column":48}},"10":{"start":{"line":59,"column":30},"end":{"line":59,"column":69}}},"fnMap":{"0":{"name":"(anonymous_0)","decl":{"start":{"line":19,"column":4},"end":{"line":19,"column":5}},"loc":{"start":{"line":19,"column":23},"end":{"line":57,"column":1}},"line":19},"1":{"name":"(anonymous_1)","decl":{"start":{"line":24,"column":21},"end":{"line":24,"column":22}},"loc":{"start":{"line":24,"column":36},"end":{"line":26,"column":3}},"line":24},"2":{"name":"(anonymous_2)","decl":{"start":{"line":28,"column":27},"end":{"line":28,"column":28}},"loc":{"start":{"line":28,"column":34},"end":{"line":32,"column":3}},"line":28},"3":{"name":"(anonymous_3)","decl":{"start":{"line":29,"column":14},"end":{"line":29,"column":15}},"loc":{"start":{"line":29,"column":20},"end":{"line":31,"column":5}},"line":29},"4":{"name":"(anonymous_4)","decl":{"start":{"line":53,"column":24},"end":{"line":53,"column":25}},"loc":{"start":{"line":53,"column":32},"end":{"line":53,"column":48}},"line":53}},"branchMap":{},"s":{"0":1,"1":3,"2":3,"3":3,"4":1,"5":3,"6":2,"7":1,"8":3,"9":1,"10":1},"f":{"0":3,"1":1,"2":2,"3":1,"4":1},"b":{},"_coverageSchema":"1a1c01bbd47fc00a2c39e90264f33305004495a9","hash":"d41c63d677163dcf7fbe08dd06b117898373f4f2"}
,"C:\\Users\\Gosia\\Desktop\\GitHub\\Handyman\\components\\atoms\\CardGold\\CardGold.tsx": {"path":"C:\\Users\\Gosia\\Desktop\\GitHub\\Handyman\\components\\atoms\\CardGold\\CardGold.tsx","statementMap":{"0":{"start":{"line":10,"column":41},"end":{"line":20,"column":1}},"1":{"start":{"line":11,"column":2},"end":{"line":19,"column":4}}},"fnMap":{"0":{"name":"(anonymous_0)","decl":{"start":{"line":10,"column":41},"end":{"line":10,"column":42}},"loc":{"start":{"line":10,"column":57},"end":{"line":20,"column":1}},"line":10}},"branchMap":{},"s":{"0":0,"1":0},"f":{"0":0},"b":{}}
,"C:\\Users\\Gosia\\Desktop\\GitHub\\Handyman\\components\\atoms\\CardGrey\\CardGrey.tsx": {"path":"C:\\Users\\Gosia\\Desktop\\GitHub\\Handyman\\components\\atoms\\CardGrey\\CardGrey.tsx","statementMap":{"0":{"start":{"line":9,"column":41},"end":{"line":11,"column":1}},"1":{"start":{"line":10,"column":2},"end":{"line":10,"column":58}}},"fnMap":{"0":{"name":"(anonymous_0)","decl":{"start":{"line":9,"column":41},"end":{"line":9,"column":42}},"loc":{"start":{"line":9,"column":57},"end":{"line":11,"column":1}},"line":9}},"branchMap":{},"s":{"0":0,"1":0},"f":{"0":0},"b":{}}
,"C:\\Users\\Gosia\\Desktop\\GitHub\\Handyman\\components\\atoms\\CardWhite\\CardWhite.tsx": {"path":"C:\\Users\\Gosia\\Desktop\\GitHub\\Handyman\\components\\atoms\\CardWhite\\CardWhite.tsx","statementMap":{"0":{"start":{"line":9,"column":42},"end":{"line":11,"column":1}},"1":{"start":{"line":10,"column":2},"end":{"line":10,"column":58}}},"fnMap":{"0":{"name":"(anonymous_0)","decl":{"start":{"line":9,"column":42},"end":{"line":9,"column":43}},"loc":{"start":{"line":9,"column":58},"end":{"line":11,"column":1}},"line":9}},"branchMap":{},"s":{"0":0,"1":0},"f":{"0":0},"b":{}}
,"C:\\Users\\Gosia\\Desktop\\GitHub\\Handyman\\components\\atoms\\CustomIcon\\CustomIcon.tsx": {"path":"C:\\Users\\Gosia\\Desktop\\GitHub\\Handyman\\components\\atoms\\CustomIcon\\CustomIcon.tsx","statementMap":{"0":{"start":{"line":8,"column":43},"end":{"line":14,"column":1}},"1":{"start":{"line":9,"column":2},"end":{"line":13,"column":4}}},"fnMap":{"0":{"name":"(anonymous_0)","decl":{"start":{"line":8,"column":43},"end":{"line":8,"column":44}},"loc":{"start":{"line":8,"column":55},"end":{"line":14,"column":1}},"line":8}},"branchMap":{},"s":{"0":0,"1":0},"f":{"0":0},"b":{}}
,"C:\\Users\\Gosia\\Desktop\\GitHub\\Handyman\\components\\atoms\\CustomInput\\CustomInput.tsx": {"path":"C:\\Users\\Gosia\\Desktop\\GitHub\\Handyman\\components\\atoms\\CustomInput\\CustomInput.tsx","statementMap":{"0":{"start":{"line":13,"column":4},"end":{"line":46,"column":1}},"1":{"start":{"line":14,"column":28},"end":{"line":14,"column":48}},"2":{"start":{"line":16,"column":25},"end":{"line":16,"column":48}},"3":{"start":{"line":18,"column":23},"end":{"line":20,"column":3}},"4":{"start":{"line":19,"column":4},"end":{"line":19,"column":18}},"5":{"start":{"line":22,"column":2},"end":{"line":32,"column":6}},"6":{"start":{"line":22,"column":34},"end":{"line":32,"column":3}},"7":{"start":{"line":24,"column":6},"end":{"line":24,"column":19}},"8":{"start":{"line":27,"column":6},"end":{"line":27,"column":38}},"9":{"start":{"line":30,"column":6},"end":{"line":30,"column":49}},"10":{"start":{"line":34,"column":2},"end":{"line":45,"column":4}},"11":{"start":{"line":48,"column":27},"end":{"line":48,"column":63}}},"fnMap":{"0":{"name":"(anonymous_0)","decl":{"start":{"line":13,"column":4},"end":{"line":13,"column":5}},"loc":{"start":{"line":13,"column":17},"end":{"line":46,"column":1}},"line":13},"1":{"name":"(anonymous_1)","decl":{"start":{"line":18,"column":23},"end":{"line":18,"column":24}},"loc":{"start":{"line":18,"column":40},"end":{"line":20,"column":3}},"line":18},"2":{"name":"(anonymous_2)","decl":{"start":{"line":22,"column":27},"end":{"line":22,"column":28}},"loc":{"start":{"line":22,"column":34},"end":{"line":32,"column":3}},"line":22},"3":{"name":"(anonymous_3)","decl":{"start":{"line":23,"column":14},"end":{"line":23,"column":15}},"loc":{"start":{"line":23,"column":20},"end":{"line":25,"column":5}},"line":23},"4":{"name":"(anonymous_4)","decl":{"start":{"line":26,"column":11},"end":{"line":26,"column":12}},"loc":{"start":{"line":26,"column":17},"end":{"line":28,"column":5}},"line":26},"5":{"name":"(anonymous_5)","decl":{"start":{"line":29,"column":15},"end":{"line":29,"column":16}},"loc":{"start":{"line":29,"column":21},"end":{"line":31,"column":5}},"line":29}},"branchMap":{},"s":{"0":0,"1":0,"2":0,"3":0,"4":0,"5":0,"6":0,"7":0,"8":0,"9":0,"10":0,"11":0},"f":{"0":0,"1":0,"2":0,"3":0,"4":0,"5":0},"b":{}}
,"C:\\Users\\Gosia\\Desktop\\GitHub\\Handyman\\components\\atoms\\CustomPasswordInput\\CustomPasswordInput.tsx": {"path":"C:\\Users\\Gosia\\Desktop\\GitHub\\Handyman\\components\\atoms\\CustomPasswordInput\\CustomPasswordInput.tsx","statementMap":{"0":{"start":{"line":19,"column":4},"end":{"line":63,"column":1}},"1":{"start":{"line":20,"column":28},"end":{"line":20,"column":48}},"2":{"start":{"line":21,"column":52},"end":{"line":21,"column":75}},"3":{"start":{"line":22,"column":42},"end":{"line":22,"column":71}},"4":{"start":{"line":24,"column":25},"end":{"line":24,"column":48}},"5":{"start":{"line":26,"column":23},"end":{"line":28,"column":3}},"6":{"start":{"line":27,"column":4},"end":{"line":27,"column":18}},"7":{"start":{"line":30,"column":2},"end":{"line":40,"column":6}},"8":{"start":{"line":30,"column":34},"end":{"line":40,"column":3}},"9":{"start":{"line":32,"column":6},"end":{"line":32,"column":19}},"10":{"start":{"line":35,"column":6},"end":{"line":35,"column":38}},"11":{"start":{"line":38,"column":6},"end":{"line":38,"column":49}},"12":{"start":{"line":42,"column":22},"end":{"line":45,"column":3}},"13":{"start":{"line":43,"column":4},"end":{"line":43,"column":45}},"14":{"start":{"line":44,"column":4},"end":{"line":44,"column":71}},"15":{"start":{"line":47,"column":2},"end":{"line":62,"column":4}},"16":{"start":{"line":65,"column":35},"end":{"line":65,"column":79}}},"fnMap":{"0":{"name":"(anonymous_0)","decl":{"start":{"line":19,"column":4},"end":{"line":19,"column":5}},"loc":{"start":{"line":19,"column":23},"end":{"line":63,"column":1}},"line":19},"1":{"name":"(anonymous_1)","decl":{"start":{"line":26,"column":23},"end":{"line":26,"column":24}},"loc":{"start":{"line":26,"column":40},"end":{"line":28,"column":3}},"line":26},"2":{"name":"(anonymous_2)","decl":{"start":{"line":30,"column":27},"end":{"line":30,"column":28}},"loc":{"start":{"line":30,"column":34},"end":{"line":40,"column":3}},"line":30},"3":{"name":"(anonymous_3)","decl":{"start":{"line":31,"column":14},"end":{"line":31,"column":15}},"loc":{"start":{"line":31,"column":20},"end":{"line":33,"column":5}},"line":31},"4":{"name":"(anonymous_4)","decl":{"start":{"line":34,"column":11},"end":{"line":34,"column":12}},"loc":{"start":{"line":34,"column":17},"end":{"line":36,"column":5}},"line":34},"5":{"name":"(anonymous_5)","decl":{"start":{"line":37,"column":15},"end":{"line":37,"column":16}},"loc":{"start":{"line":37,"column":21},"end":{"line":39,"column":5}},"line":37},"6":{"name":"(anonymous_6)","decl":{"start":{"line":42,"column":22},"end":{"line":42,"column":23}},"loc":{"start":{"line":42,"column":28},"end":{"line":45,"column":3}},"line":42}},"branchMap":{"0":{"loc":{"start":{"line":44,"column":20},"end":{"line":44,"column":69}},"type":"cond-expr","locations":[{"start":{"line":44,"column":40},"end":{"line":44,"column":55}},{"start":{"line":44,"column":58},"end":{"line":44,"column":69}}],"line":44}},"s":{"0":0,"1":0,"2":0,"3":0,"4":0,"5":0,"6":0,"7":0,"8":0,"9":0,"10":0,"11":0,"12":0,"13":0,"14":0,"15":0,"16":0},"f":{"0":0,"1":0,"2":0,"3":0,"4":0,"5":0,"6":0},"b":{"0":[0,0]}}
,"C:\\Users\\Gosia\\Desktop\\GitHub\\Handyman\\components\\atoms\\Divider\\Divider.tsx": {"path":"C:\\Users\\Gosia\\Desktop\\GitHub\\Handyman\\components\\atoms\\Divider\\Divider.tsx","statementMap":{"0":{"start":{"line":5,"column":33},"end":{"line":7,"column":1}},"1":{"start":{"line":6,"column":2},"end":{"line":6,"column":41}}},"fnMap":{"0":{"name":"(anonymous_0)","decl":{"start":{"line":5,"column":33},"end":{"line":5,"column":34}},"loc":{"start":{"line":5,"column":39},"end":{"line":7,"column":1}},"line":5}},"branchMap":{},"s":{"0":0,"1":0},"f":{"0":0},"b":{}}
,"C:\\Users\\Gosia\\Desktop\\GitHub\\Handyman\\components\\atoms\\DrawerMenuNotification\\DrawerMenuNotification.tsx": {"path":"C:\\Users\\Gosia\\Desktop\\GitHub\\Handyman\\components\\atoms\\DrawerMenuNotification\\DrawerMenuNotification.tsx","statementMap":{"0":{"start":{"line":11,"column":55},"end":{"line":19,"column":1}},"1":{"start":{"line":14,"column":2},"end":{"line":18,"column":4}}},"fnMap":{"0":{"name":"(anonymous_0)","decl":{"start":{"line":11,"column":55},"end":{"line":11,"column":56}},"loc":{"start":{"line":13,"column":6},"end":{"line":19,"column":1}},"line":13}},"branchMap":{},"s":{"0":0,"1":0},"f":{"0":0},"b":{}}
,"C:\\Users\\Gosia\\Desktop\\GitHub\\Handyman\\components\\atoms\\DropdownSelect\\DropdownSelect.tsx": {"path":"C:\\Users\\Gosia\\Desktop\\GitHub\\Handyman\\components\\atoms\\DropdownSelect\\DropdownSelect.tsx","statementMap":{"0":{"start":{"line":19,"column":4},"end":{"line":55,"column":1}},"1":{"start":{"line":20,"column":31},"end":{"line":20,"column":46}},"2":{"start":{"line":22,"column":22},"end":{"line":25,"column":3}},"3":{"start":{"line":23,"column":4},"end":{"line":23,"column":26}},"4":{"start":{"line":24,"column":4},"end":{"line":24,"column":22}},"5":{"start":{"line":27,"column":2},"end":{"line":31,"column":6}},"6":{"start":{"line":27,"column":34},"end":{"line":31,"column":3}},"7":{"start":{"line":29,"column":6},"end":{"line":29,"column":19}},"8":{"start":{"line":33,"column":28},"end":{"line":33,"column":42}},"9":{"start":{"line":34,"column":32},"end":{"line":34,"column":47}},"10":{"start":{"line":36,"column":2},"end":{"line":54,"column":4}},"11":{"start":{"line":48,"column":23},"end":{"line":48,"column":39}},"12":{"start":{"line":49,"column":22},"end":{"line":49,"column":39}},"13":{"start":{"line":57,"column":30},"end":{"line":57,"column":69}}},"fnMap":{"0":{"name":"(anonymous_0)","decl":{"start":{"line":19,"column":4},"end":{"line":19,"column":5}},"loc":{"start":{"line":19,"column":48},"end":{"line":55,"column":1}},"line":19},"1":{"name":"(anonymous_1)","decl":{"start":{"line":22,"column":22},"end":{"line":22,"column":23}},"loc":{"start":{"line":22,"column":31},"end":{"line":25,"column":3}},"line":22},"2":{"name":"(anonymous_2)","decl":{"start":{"line":27,"column":27},"end":{"line":27,"column":28}},"loc":{"start":{"line":27,"column":34},"end":{"line":31,"column":3}},"line":27},"3":{"name":"(anonymous_3)","decl":{"start":{"line":28,"column":14},"end":{"line":28,"column":15}},"loc":{"start":{"line":28,"column":20},"end":{"line":30,"column":5}},"line":28},"4":{"name":"(anonymous_4)","decl":{"start":{"line":48,"column":17},"end":{"line":48,"column":18}},"loc":{"start":{"line":48,"column":23},"end":{"line":48,"column":39}},"line":48},"5":{"name":"(anonymous_5)","decl":{"start":{"line":49,"column":16},"end":{"line":49,"column":17}},"loc":{"start":{"line":49,"column":22},"end":{"line":49,"column":39}},"line":49}},"branchMap":{"0":{"loc":{"start":{"line":39,"column":33},"end":{"line":39,"column":58}},"type":"binary-expr","locations":[{"start":{"line":39,"column":33},"end":{"line":39,"column":40}},{"start":{"line":39,"column":44},"end":{"line":39,"column":58}}],"line":39}},"s":{"0":0,"1":0,"2":0,"3":0,"4":0,"5":0,"6":0,"7":0,"8":0,"9":0,"10":0,"11":0,"12":0,"13":0},"f":{"0":0,"1":0,"2":0,"3":0,"4":0,"5":0},"b":{"0":[0,0]}}
,"C:\\Users\\Gosia\\Desktop\\GitHub\\Handyman\\components\\atoms\\FAIcon\\FAIcon.tsx": {"path":"C:\\Users\\Gosia\\Desktop\\GitHub\\Handyman\\components\\atoms\\FAIcon\\FAIcon.tsx","statementMap":{"0":{"start":{"line":11,"column":39},"end":{"line":18,"column":1}},"1":{"start":{"line":12,"column":2},"end":{"line":17,"column":4}}},"fnMap":{"0":{"name":"(anonymous_0)","decl":{"start":{"line":11,"column":39},"end":{"line":11,"column":40}},"loc":{"start":{"line":11,"column":76},"end":{"line":18,"column":1}},"line":11}},"branchMap":{},"s":{"0":0,"1":0},"f":{"0":0},"b":{}}
,"C:\\Users\\Gosia\\Desktop\\GitHub\\Handyman\\components\\atoms\\HandymanName\\HandymanName.tsx": {"path":"C:\\Users\\Gosia\\Desktop\\GitHub\\Handyman\\components\\atoms\\HandymanName\\HandymanName.tsx","statementMap":{"0":{"start":{"line":9,"column":45},"end":{"line":11,"column":1}},"1":{"start":{"line":10,"column":2},"end":{"line":10,"column":49}}},"fnMap":{"0":{"name":"(anonymous_0)","decl":{"start":{"line":9,"column":45},"end":{"line":9,"column":46}},"loc":{"start":{"line":9,"column":57},"end":{"line":11,"column":1}},"line":9}},"branchMap":{},"s":{"0":0,"1":0},"f":{"0":0},"b":{}}
,"C:\\Users\\Gosia\\Desktop\\GitHub\\Handyman\\components\\atoms\\HandymanProfilePhoto\\HandymanProfilePhoto.tsx": {"path":"C:\\Users\\Gosia\\Desktop\\GitHub\\Handyman\\components\\atoms\\HandymanProfilePhoto\\HandymanProfilePhoto.tsx","statementMap":{"0":{"start":{"line":9,"column":53},"end":{"line":11,"column":1}},"1":{"start":{"line":10,"column":2},"end":{"line":10,"column":58}}},"fnMap":{"0":{"name":"(anonymous_0)","decl":{"start":{"line":9,"column":53},"end":{"line":9,"column":54}},"loc":{"start":{"line":9,"column":69},"end":{"line":11,"column":1}},"line":9}},"branchMap":{},"s":{"0":0,"1":0},"f":{"0":0},"b":{}}
,"C:\\Users\\Gosia\\Desktop\\GitHub\\Handyman\\components\\atoms\\Label\\Label.tsx": {"path":"C:\\Users\\Gosia\\Desktop\\GitHub\\Handyman\\components\\atoms\\Label\\Label.tsx","statementMap":{"0":{"start":{"line":9,"column":38},"end":{"line":11,"column":1}},"1":{"start":{"line":10,"column":2},"end":{"line":10,"column":50}}},"fnMap":{"0":{"name":"(anonymous_0)","decl":{"start":{"line":9,"column":38},"end":{"line":9,"column":39}},"loc":{"start":{"line":9,"column":50},"end":{"line":11,"column":1}},"line":9}},"branchMap":{},"s":{"0":0,"1":0},"f":{"0":0},"b":{}}
,"C:\\Users\\Gosia\\Desktop\\GitHub\\Handyman\\components\\atoms\\Link\\Link.tsx": {"path":"C:\\Users\\Gosia\\Desktop\\GitHub\\Handyman\\components\\atoms\\Link\\Link.tsx","statementMap":{"0":{"start":{"line":11,"column":37},"end":{"line":17,"column":1}},"1":{"start":{"line":12,"column":2},"end":{"line":16,"column":4}}},"fnMap":{"0":{"name":"(anonymous_0)","decl":{"start":{"line":11,"column":37},"end":{"line":11,"column":38}},"loc":{"start":{"line":11,"column":69},"end":{"line":17,"column":1}},"line":11}},"branchMap":{},"s":{"0":0,"1":0},"f":{"0":0},"b":{}}
,"C:\\Users\\Gosia\\Desktop\\GitHub\\Handyman\\components\\atoms\\LogoImage\\LogoImage.tsx": {"path":"C:\\Users\\Gosia\\Desktop\\GitHub\\Handyman\\components\\atoms\\LogoImage\\LogoImage.tsx","statementMap":{"0":{"start":{"line":5,"column":35},"end":{"line":12,"column":1}},"1":{"start":{"line":6,"column":2},"end":{"line":11,"column":4}}},"fnMap":{"0":{"name":"(anonymous_0)","decl":{"start":{"line":5,"column":35},"end":{"line":5,"column":36}},"loc":{"start":{"line":5,"column":41},"end":{"line":12,"column":1}},"line":5}},"branchMap":{},"s":{"0":0,"1":0},"f":{"0":0},"b":{}}
,"C:\\Users\\Gosia\\Desktop\\GitHub\\Handyman\\components\\atoms\\PressableCard\\PressableCard.tsx": {"path":"C:\\Users\\Gosia\\Desktop\\GitHub\\Handyman\\components\\atoms\\PressableCard\\PressableCard.tsx","statementMap":{"0":{"start":{"line":10,"column":46},"end":{"line":20,"column":1}},"1":{"start":{"line":11,"column":2},"end":{"line":19,"column":4}},"2":{"start":{"line":15,"column":31},"end":{"line":15,"column":74}}},"fnMap":{"0":{"name":"(anonymous_0)","decl":{"start":{"line":10,"column":46},"end":{"line":10,"column":47}},"loc":{"start":{"line":10,"column":71},"end":{"line":20,"column":1}},"line":10},"1":{"name":"(anonymous_1)","decl":{"start":{"line":15,"column":15},"end":{"line":15,"column":16}},"loc":{"start":{"line":15,"column":31},"end":{"line":15,"column":74}},"line":15}},"branchMap":{"0":{"loc":{"start":{"line":15,"column":31},"end":{"line":15,"column":74}},"type":"cond-expr","locations":[{"start":{"line":15,"column":41},"end":{"line":15,"column":55}},{"start":{"line":15,"column":58},"end":{"line":15,"column":74}}],"line":15}},"s":{"0":0,"1":0,"2":0},"f":{"0":0,"1":0},"b":{"0":[0,0]}}
,"C:\\Users\\Gosia\\Desktop\\GitHub\\Handyman\\components\\atoms\\ProfilePhoto\\ProfilePhoto.tsx": {"path":"C:\\Users\\Gosia\\Desktop\\GitHub\\Handyman\\components\\atoms\\ProfilePhoto\\ProfilePhoto.tsx","statementMap":{"0":{"start":{"line":9,"column":45},"end":{"line":15,"column":1}},"1":{"start":{"line":10,"column":2},"end":{"line":14,"column":4}}},"fnMap":{"0":{"name":"(anonymous_0)","decl":{"start":{"line":9,"column":45},"end":{"line":9,"column":46}},"loc":{"start":{"line":9,"column":61},"end":{"line":15,"column":1}},"line":9}},"branchMap":{},"s":{"0":0,"1":0},"f":{"0":0},"b":{}}
,"C:\\Users\\Gosia\\Desktop\\GitHub\\Handyman\\components\\atoms\\SocialIcon\\SocialIcon.tsx": {"path":"C:\\Users\\Gosia\\Desktop\\GitHub\\Handyman\\components\\atoms\\SocialIcon\\SocialIcon.tsx","statementMap":{"0":{"start":{"line":12,"column":43},"end":{"line":24,"column":1}},"1":{"start":{"line":13,"column":2},"end":{"line":23,"column":4}},"2":{"start":{"line":15,"column":29},"end":{"line":15,"column":72}}},"fnMap":{"0":{"name":"(anonymous_0)","decl":{"start":{"line":12,"column":43},"end":{"line":12,"column":44}},"loc":{"start":{"line":12,"column":79},"end":{"line":24,"column":1}},"line":12},"1":{"name":"(anonymous_1)","decl":{"start":{"line":15,"column":13},"end":{"line":15,"column":14}},"loc":{"start":{"line":15,"column":29},"end":{"line":15,"column":72}},"line":15}},"branchMap":{"0":{"loc":{"start":{"line":15,"column":29},"end":{"line":15,"column":72}},"type":"cond-expr","locations":[{"start":{"line":15,"column":39},"end":{"line":15,"column":53}},{"start":{"line":15,"column":56},"end":{"line":15,"column":72}}],"line":15}},"s":{"0":0,"1":0,"2":0},"f":{"0":0,"1":0},"b":{"0":[0,0]}}
,"C:\\Users\\Gosia\\Desktop\\GitHub\\Handyman\\components\\atoms\\TextArea\\TextArea.tsx": {"path":"C:\\Users\\Gosia\\Desktop\\GitHub\\Handyman\\components\\atoms\\TextArea\\TextArea.tsx","statementMap":{"0":{"start":{"line":16,"column":4},"end":{"line":49,"column":1}},"1":{"start":{"line":17,"column":28},"end":{"line":17,"column":48}},"2":{"start":{"line":19,"column":28},"end":{"line":19,"column":51}},"3":{"start":{"line":21,"column":23},"end":{"line":23,"column":3}},"4":{"start":{"line":22,"column":4},"end":{"line":22,"column":18}},"5":{"start":{"line":25,"column":2},"end":{"line":35,"column":6}},"6":{"start":{"line":25,"column":34},"end":{"line":35,"column":3}},"7":{"start":{"line":27,"column":6},"end":{"line":27,"column":19}},"8":{"start":{"line":30,"column":6},"end":{"line":30,"column":41}},"9":{"start":{"line":33,"column":6},"end":{"line":33,"column":52}},"10":{"start":{"line":36,"column":2},"end":{"line":48,"column":4}},"11":{"start":{"line":51,"column":24},"end":{"line":51,"column":57}}},"fnMap":{"0":{"name":"(anonymous_0)","decl":{"start":{"line":16,"column":4},"end":{"line":16,"column":5}},"loc":{"start":{"line":16,"column":28},"end":{"line":49,"column":1}},"line":16},"1":{"name":"(anonymous_1)","decl":{"start":{"line":21,"column":23},"end":{"line":21,"column":24}},"loc":{"start":{"line":21,"column":40},"end":{"line":23,"column":3}},"line":21},"2":{"name":"(anonymous_2)","decl":{"start":{"line":25,"column":27},"end":{"line":25,"column":28}},"loc":{"start":{"line":25,"column":34},"end":{"line":35,"column":3}},"line":25},"3":{"name":"(anonymous_3)","decl":{"start":{"line":26,"column":14},"end":{"line":26,"column":15}},"loc":{"start":{"line":26,"column":20},"end":{"line":28,"column":5}},"line":26},"4":{"name":"(anonymous_4)","decl":{"start":{"line":29,"column":11},"end":{"line":29,"column":12}},"loc":{"start":{"line":29,"column":17},"end":{"line":31,"column":5}},"line":29},"5":{"name":"(anonymous_5)","decl":{"start":{"line":32,"column":15},"end":{"line":32,"column":16}},"loc":{"start":{"line":32,"column":21},"end":{"line":34,"column":5}},"line":32}},"branchMap":{},"s":{"0":0,"1":0,"2":0,"3":0,"4":0,"5":0,"6":0,"7":0,"8":0,"9":0,"10":0,"11":0},"f":{"0":0,"1":0,"2":0,"3":0,"4":0,"5":0},"b":{}}
,"C:\\Users\\Gosia\\Desktop\\GitHub\\Handyman\\components\\atoms\\TextLarge\\TextLarge.tsx": {"path":"C:\\Users\\Gosia\\Desktop\\GitHub\\Handyman\\components\\atoms\\TextLarge\\TextLarge.tsx","statementMap":{"0":{"start":{"line":10,"column":42},"end":{"line":12,"column":1}},"1":{"start":{"line":11,"column":2},"end":{"line":11,"column":71}}},"fnMap":{"0":{"name":"(anonymous_0)","decl":{"start":{"line":10,"column":42},"end":{"line":10,"column":43}},"loc":{"start":{"line":10,"column":65},"end":{"line":12,"column":1}},"line":10}},"branchMap":{},"s":{"0":0,"1":0},"f":{"0":0},"b":{}}
,"C:\\Users\\Gosia\\Desktop\\GitHub\\Handyman\\components\\atoms\\TextMedium\\TextMedium.tsx": {"path":"C:\\Users\\Gosia\\Desktop\\GitHub\\Handyman\\components\\atoms\\TextMedium\\TextMedium.tsx","statementMap":{"0":{"start":{"line":10,"column":43},"end":{"line":12,"column":1}},"1":{"start":{"line":11,"column":2},"end":{"line":11,"column":71}}},"fnMap":{"0":{"name":"(anonymous_0)","decl":{"start":{"line":10,"column":43},"end":{"line":10,"column":44}},"loc":{"start":{"line":10,"column":66},"end":{"line":12,"column":1}},"line":10}},"branchMap":{},"s":{"0":0,"1":0},"f":{"0":0},"b":{}}
,"C:\\Users\\Gosia\\Desktop\\GitHub\\Handyman\\components\\atoms\\TextSmall\\TextSmall.tsx": {"path":"C:\\Users\\Gosia\\Desktop\\GitHub\\Handyman\\components\\atoms\\TextSmall\\TextSmall.tsx","statementMap":{"0":{"start":{"line":10,"column":42},"end":{"line":12,"column":1}},"1":{"start":{"line":11,"column":2},"end":{"line":11,"column":71}}},"fnMap":{"0":{"name":"(anonymous_0)","decl":{"start":{"line":10,"column":42},"end":{"line":10,"column":43}},"loc":{"start":{"line":10,"column":65},"end":{"line":12,"column":1}},"line":10}},"branchMap":{},"s":{"0":1,"1":3},"f":{"0":3},"b":{},"_coverageSchema":"1a1c01bbd47fc00a2c39e90264f33305004495a9","hash":"652c9013c367d2ecbfffaedacf97fecbebbbd396"}
,"C:\\Users\\Gosia\\Desktop\\GitHub\\Handyman\\components\\molecules\\CalendarStripeWithLabel\\CalendarStripeWithLabel.tsx": {"path":"C:\\Users\\Gosia\\Desktop\\GitHub\\Handyman\\components\\molecules\\CalendarStripeWithLabel\\CalendarStripeWithLabel.tsx","statementMap":{"0":{"start":{"line":27,"column":4},"end":{"line":45,"column":1}},"1":{"start":{"line":28,"column":24},"end":{"line":28,"column":59}},"2":{"start":{"line":30,"column":2},"end":{"line":34,"column":6}},"3":{"start":{"line":30,"column":34},"end":{"line":34,"column":3}},"4":{"start":{"line":32,"column":6},"end":{"line":32,"column":47}},"5":{"start":{"line":36,"column":2},"end":{"line":44,"column":4}},"6":{"start":{"line":47,"column":39},"end":{"line":49,"column":1}}},"fnMap":{"0":{"name":"(anonymous_0)","decl":{"start":{"line":27,"column":4},"end":{"line":27,"column":5}},"loc":{"start":{"line":27,"column":57},"end":{"line":45,"column":1}},"line":27},"1":{"name":"(anonymous_1)","decl":{"start":{"line":30,"column":27},"end":{"line":30,"column":28}},"loc":{"start":{"line":30,"column":34},"end":{"line":34,"column":3}},"line":30},"2":{"name":"(anonymous_2)","decl":{"start":{"line":31,"column":14},"end":{"line":31,"column":15}},"loc":{"start":{"line":31,"column":20},"end":{"line":33,"column":5}},"line":31}},"branchMap":{},"s":{"0":0,"1":0,"2":0,"3":0,"4":0,"5":0,"6":0},"f":{"0":0,"1":0,"2":0},"b":{}}
,"C:\\Users\\Gosia\\Desktop\\GitHub\\Handyman\\components\\molecules\\CategoryCard\\CategoryCard.tsx": {"path":"C:\\Users\\Gosia\\Desktop\\GitHub\\Handyman\\components\\molecules\\CategoryCard\\CategoryCard.tsx","statementMap":{"0":{"start":{"line":10,"column":45},"end":{"line":16,"column":1}},"1":{"start":{"line":11,"column":2},"end":{"line":15,"column":4}}},"fnMap":{"0":{"name":"(anonymous_0)","decl":{"start":{"line":10,"column":45},"end":{"line":10,"column":46}},"loc":{"start":{"line":10,"column":57},"end":{"line":16,"column":1}},"line":10}},"branchMap":{},"s":{"0":0,"1":0},"f":{"0":0},"b":{}}
,"C:\\Users\\Gosia\\Desktop\\GitHub\\Handyman\\components\\molecules\\DollarIcon\\DollarIcon.tsx": {"path":"C:\\Users\\Gosia\\Desktop\\GitHub\\Handyman\\components\\molecules\\DollarIcon\\DollarIcon.tsx","statementMap":{"0":{"start":{"line":7,"column":36},"end":{"line":13,"column":1}},"1":{"start":{"line":8,"column":2},"end":{"line":12,"column":4}}},"fnMap":{"0":{"name":"(anonymous_0)","decl":{"start":{"line":7,"column":36},"end":{"line":7,"column":37}},"loc":{"start":{"line":7,"column":42},"end":{"line":13,"column":1}},"line":7}},"branchMap":{},"s":{"0":0,"1":0},"f":{"0":0},"b":{}}
,"C:\\Users\\Gosia\\Desktop\\GitHub\\Handyman\\components\\molecules\\DrawerMenuItem\\DrawerMenuItem.tsx": {"path":"C:\\Users\\Gosia\\Desktop\\GitHub\\Handyman\\components\\molecules\\DrawerMenuItem\\DrawerMenuItem.tsx","statementMap":{"0":{"start":{"line":15,"column":47},"end":{"line":42,"column":1}},"1":{"start":{"line":23,"column":2},"end":{"line":41,"column":4}},"2":{"start":{"line":25,"column":29},"end":{"line":25,"column":77}}},"fnMap":{"0":{"name":"(anonymous_0)","decl":{"start":{"line":15,"column":47},"end":{"line":15,"column":48}},"loc":{"start":{"line":22,"column":6},"end":{"line":42,"column":1}},"line":22},"1":{"name":"(anonymous_1)","decl":{"start":{"line":25,"column":13},"end":{"line":25,"column":14}},"loc":{"start":{"line":25,"column":29},"end":{"line":25,"column":77}},"line":25}},"branchMap":{"0":{"loc":{"start":{"line":25,"column":29},"end":{"line":25,"column":77}},"type":"cond-expr","locations":[{"start":{"line":25,"column":39},"end":{"line":25,"column":53}},{"start":{"line":25,"column":56},"end":{"line":25,"column":77}}],"line":25},"1":{"loc":{"start":{"line":34,"column":10},"end":{"line":36,"column":65}},"type":"cond-expr","locations":[{"start":{"line":35,"column":14},"end":{"line":35,"column":42}},{"start":{"line":36,"column":14},"end":{"line":36,"column":65}}],"line":34}},"s":{"0":0,"1":0,"2":0},"f":{"0":0,"1":0},"b":{"0":[0,0],"1":[0,0]}}
,"C:\\Users\\Gosia\\Desktop\\GitHub\\Handyman\\components\\molecules\\DropdownSelectWithLabel\\DropdownSelectWithLabel.tsx": {"path":"C:\\Users\\Gosia\\Desktop\\GitHub\\Handyman\\components\\molecules\\DropdownSelectWithLabel\\DropdownSelectWithLabel.tsx","statementMap":{"0":{"start":{"line":21,"column":4},"end":{"line":42,"column":1}},"1":{"start":{"line":22,"column":26},"end":{"line":22,"column":63}},"2":{"start":{"line":24,"column":2},"end":{"line":28,"column":6}},"3":{"start":{"line":24,"column":34},"end":{"line":28,"column":3}},"4":{"start":{"line":26,"column":6},"end":{"line":26,"column":49}},"5":{"start":{"line":29,"column":2},"end":{"line":41,"column":4}},"6":{"start":{"line":44,"column":39},"end":{"line":46,"column":1}}},"fnMap":{"0":{"name":"(anonymous_0)","decl":{"start":{"line":21,"column":4},"end":{"line":21,"column":5}},"loc":{"start":{"line":21,"column":62},"end":{"line":42,"column":1}},"line":21},"1":{"name":"(anonymous_1)","decl":{"start":{"line":24,"column":27},"end":{"line":24,"column":28}},"loc":{"start":{"line":24,"column":34},"end":{"line":28,"column":3}},"line":24},"2":{"name":"(anonymous_2)","decl":{"start":{"line":25,"column":14},"end":{"line":25,"column":15}},"loc":{"start":{"line":25,"column":20},"end":{"line":27,"column":5}},"line":25}},"branchMap":{},"s":{"0":0,"1":0,"2":0,"3":0,"4":0,"5":0,"6":0},"f":{"0":0,"1":0,"2":0},"b":{}}
,"C:\\Users\\Gosia\\Desktop\\GitHub\\Handyman\\components\\molecules\\HandymanProfilePhotoWithStatus\\HandymanProfilePhotoWithStatus.tsx": {"path":"C:\\Users\\Gosia\\Desktop\\GitHub\\Handyman\\components\\molecules\\HandymanProfilePhotoWithStatus\\HandymanProfilePhotoWithStatus.tsx","statementMap":{"0":{"start":{"line":12,"column":63},"end":{"line":29,"column":1}},"1":{"start":{"line":16,"column":2},"end":{"line":28,"column":4}}},"fnMap":{"0":{"name":"(anonymous_0)","decl":{"start":{"line":12,"column":63},"end":{"line":12,"column":64}},"loc":{"start":{"line":15,"column":6},"end":{"line":29,"column":1}},"line":15}},"branchMap":{"0":{"loc":{"start":{"line":22,"column":10},"end":{"line":24,"column":50}},"type":"cond-expr","locations":[{"start":{"line":23,"column":14},"end":{"line":23,"column":52}},{"start":{"line":24,"column":14},"end":{"line":24,"column":50}}],"line":22}},"s":{"0":0,"1":0},"f":{"0":0},"b":{"0":[0,0]}}
,"C:\\Users\\Gosia\\Desktop\\GitHub\\Handyman\\components\\molecules\\HourlyRate\\HourlyRate.tsx": {"path":"C:\\Users\\Gosia\\Desktop\\GitHub\\Handyman\\components\\molecules\\HourlyRate\\HourlyRate.tsx","statementMap":{"0":{"start":{"line":10,"column":43},"end":{"line":17,"column":1}},"1":{"start":{"line":11,"column":2},"end":{"line":16,"column":4}}},"fnMap":{"0":{"name":"(anonymous_0)","decl":{"start":{"line":10,"column":43},"end":{"line":10,"column":44}},"loc":{"start":{"line":10,"column":61},"end":{"line":17,"column":1}},"line":10}},"branchMap":{},"s":{"0":0,"1":0},"f":{"0":0},"b":{}}
,"C:\\Users\\Gosia\\Desktop\\GitHub\\Handyman\\components\\molecules\\InputLabel\\InputLabel.tsx": {"path":"C:\\Users\\Gosia\\Desktop\\GitHub\\Handyman\\components\\molecules\\InputLabel\\InputLabel.tsx","statementMap":{"0":{"start":{"line":18,"column":4},"end":{"line":36,"column":1}},"1":{"start":{"line":19,"column":25},"end":{"line":19,"column":59}},"2":{"start":{"line":21,"column":2},"end":{"line":28,"column":6}},"3":{"start":{"line":21,"column":34},"end":{"line":28,"column":3}},"4":{"start":{"line":23,"column":6},"end":{"line":23,"column":54}},"5":{"start":{"line":26,"column":6},"end":{"line":26,"column":39}},"6":{"start":{"line":30,"column":2},"end":{"line":35,"column":4}},"7":{"start":{"line":38,"column":26},"end":{"line":38,"column":61}}},"fnMap":{"0":{"name":"(anonymous_0)","decl":{"start":{"line":18,"column":4},"end":{"line":18,"column":5}},"loc":{"start":{"line":18,"column":26},"end":{"line":36,"column":1}},"line":18},"1":{"name":"(anonymous_1)","decl":{"start":{"line":21,"column":27},"end":{"line":21,"column":28}},"loc":{"start":{"line":21,"column":34},"end":{"line":28,"column":3}},"line":21},"2":{"name":"(anonymous_2)","decl":{"start":{"line":22,"column":14},"end":{"line":22,"column":15}},"loc":{"start":{"line":22,"column":20},"end":{"line":24,"column":5}},"line":22},"3":{"name":"(anonymous_3)","decl":{"start":{"line":25,"column":11},"end":{"line":25,"column":12}},"loc":{"start":{"line":25,"column":17},"end":{"line":27,"column":5}},"line":25}},"branchMap":{"0":{"loc":{"start":{"line":23,"column":13},"end":{"line":23,"column":53}},"type":"binary-expr","locations":[{"start":{"line":23,"column":13},"end":{"line":23,"column":47}},{"start":{"line":23,"column":51},"end":{"line":23,"column":53}}],"line":23}},"s":{"0":0,"1":0,"2":0,"3":0,"4":0,"5":0,"6":0,"7":0},"f":{"0":0,"1":0,"2":0,"3":0},"b":{"0":[0,0]}}
,"C:\\Users\\Gosia\\Desktop\\GitHub\\Handyman\\components\\molecules\\Logo\\Logo.tsx": {"path":"C:\\Users\\Gosia\\Desktop\\GitHub\\Handyman\\components\\molecules\\Logo\\Logo.tsx","statementMap":{"0":{"start":{"line":6,"column":30},"end":{"line":12,"column":1}},"1":{"start":{"line":7,"column":2},"end":{"line":11,"column":4}}},"fnMap":{"0":{"name":"(anonymous_0)","decl":{"start":{"line":6,"column":30},"end":{"line":6,"column":31}},"loc":{"start":{"line":6,"column":36},"end":{"line":12,"column":1}},"line":6}},"branchMap":{},"s":{"0":0,"1":0},"f":{"0":0},"b":{}}
,"C:\\Users\\Gosia\\Desktop\\GitHub\\Handyman\\components\\molecules\\OffButton\\OffButton.tsx": {"path":"C:\\Users\\Gosia\\Desktop\\GitHub\\Handyman\\components\\molecules\\OffButton\\OffButton.tsx","statementMap":{"0":{"start":{"line":11,"column":42},"end":{"line":17,"column":1}},"1":{"start":{"line":12,"column":2},"end":{"line":16,"column":4}}},"fnMap":{"0":{"name":"(anonymous_0)","decl":{"start":{"line":11,"column":42},"end":{"line":11,"column":43}},"loc":{"start":{"line":11,"column":57},"end":{"line":17,"column":1}},"line":11}},"branchMap":{},"s":{"0":0,"1":0},"f":{"0":0},"b":{}}
,"C:\\Users\\Gosia\\Desktop\\GitHub\\Handyman\\components\\molecules\\PasswordInputLabel\\PasswordInputLabel.tsx": {"path":"C:\\Users\\Gosia\\Desktop\\GitHub\\Handyman\\components\\molecules\\PasswordInputLabel\\PasswordInputLabel.tsx","statementMap":{"0":{"start":{"line":22,"column":4},"end":{"line":40,"column":1}},"1":{"start":{"line":23,"column":25},"end":{"line":23,"column":67}},"2":{"start":{"line":25,"column":2},"end":{"line":32,"column":6}},"3":{"start":{"line":25,"column":34},"end":{"line":32,"column":3}},"4":{"start":{"line":27,"column":6},"end":{"line":27,"column":54}},"5":{"start":{"line":30,"column":6},"end":{"line":30,"column":39}},"6":{"start":{"line":34,"column":2},"end":{"line":39,"column":4}},"7":{"start":{"line":42,"column":34},"end":{"line":42,"column":77}}},"fnMap":{"0":{"name":"(anonymous_0)","decl":{"start":{"line":22,"column":4},"end":{"line":22,"column":5}},"loc":{"start":{"line":22,"column":26},"end":{"line":40,"column":1}},"line":22},"1":{"name":"(anonymous_1)","decl":{"start":{"line":25,"column":27},"end":{"line":25,"column":28}},"loc":{"start":{"line":25,"column":34},"end":{"line":32,"column":3}},"line":25},"2":{"name":"(anonymous_2)","decl":{"start":{"line":26,"column":14},"end":{"line":26,"column":15}},"loc":{"start":{"line":26,"column":20},"end":{"line":28,"column":5}},"line":26},"3":{"name":"(anonymous_3)","decl":{"start":{"line":29,"column":11},"end":{"line":29,"column":12}},"loc":{"start":{"line":29,"column":17},"end":{"line":31,"column":5}},"line":29}},"branchMap":{"0":{"loc":{"start":{"line":27,"column":13},"end":{"line":27,"column":53}},"type":"binary-expr","locations":[{"start":{"line":27,"column":13},"end":{"line":27,"column":47}},{"start":{"line":27,"column":51},"end":{"line":27,"column":53}}],"line":27}},"s":{"0":0,"1":0,"2":0,"3":0,"4":0,"5":0,"6":0,"7":0},"f":{"0":0,"1":0,"2":0,"3":0},"b":{"0":[0,0]}}
,"C:\\Users\\Gosia\\Desktop\\GitHub\\Handyman\\components\\molecules\\ProfilePhotoWithButton\\ProfilePhotoWithButton.tsx": {"path":"C:\\Users\\Gosia\\Desktop\\GitHub\\Handyman\\components\\molecules\\ProfilePhotoWithButton\\ProfilePhotoWithButton.tsx","statementMap":{"0":{"start":{"line":13,"column":4},"end":{"line":49,"column":1}},"1":{"start":{"line":14,"column":28},"end":{"line":16,"column":3}},"2":{"start":{"line":17,"column":32},"end":{"line":17,"column":77}},"3":{"start":{"line":19,"column":26},"end":{"line":33,"column":3}},"4":{"start":{"line":20,"column":4},"end":{"line":32,"column":9}},"5":{"start":{"line":27,"column":8},"end":{"line":27,"column":36}},"6":{"start":{"line":30,"column":8},"end":{"line":31,"column":73}},"7":{"start":{"line":31,"column":10},"end":{"line":31,"column":73}},"8":{"start":{"line":35,"column":2},"end":{"line":39,"column":6}},"9":{"start":{"line":35,"column":34},"end":{"line":39,"column":3}},"10":{"start":{"line":37,"column":6},"end":{"line":37,"column":27}},"11":{"start":{"line":40,"column":2},"end":{"line":48,"column":4}},"12":{"start":{"line":51,"column":38},"end":{"line":53,"column":1}}},"fnMap":{"0":{"name":"(anonymous_0)","decl":{"start":{"line":13,"column":4},"end":{"line":13,"column":5}},"loc":{"start":{"line":13,"column":17},"end":{"line":49,"column":1}},"line":13},"1":{"name":"(anonymous_1)","decl":{"start":{"line":19,"column":26},"end":{"line":19,"column":27}},"loc":{"start":{"line":19,"column":32},"end":{"line":33,"column":3}},"line":19},"2":{"name":"(anonymous_2)","decl":{"start":{"line":26,"column":12},"end":{"line":26,"column":13}},"loc":{"start":{"line":26,"column":21},"end":{"line":28,"column":7}},"line":26},"3":{"name":"(anonymous_3)","decl":{"start":{"line":29,"column":13},"end":{"line":29,"column":14}},"loc":{"start":{"line":29,"column":22},"end":{"line":32,"column":7}},"line":29},"4":{"name":"(anonymous_4)","decl":{"start":{"line":35,"column":27},"end":{"line":35,"column":28}},"loc":{"start":{"line":35,"column":34},"end":{"line":39,"column":3}},"line":35},"5":{"name":"(anonymous_5)","decl":{"start":{"line":36,"column":14},"end":{"line":36,"column":15}},"loc":{"start":{"line":36,"column":20},"end":{"line":38,"column":5}},"line":36}},"branchMap":{"0":{"loc":{"start":{"line":30,"column":8},"end":{"line":31,"column":73}},"type":"if","locations":[{"start":{"line":30,"column":8},"end":{"line":31,"column":73}},{"start":{},"end":{}}],"line":30},"1":{"loc":{"start":{"line":37,"column":13},"end":{"line":37,"column":26}},"type":"binary-expr","locations":[{"start":{"line":37,"column":13},"end":{"line":37,"column":18}},{"start":{"line":37,"column":22},"end":{"line":37,"column":26}}],"line":37}},"s":{"0":0,"1":0,"2":0,"3":0,"4":0,"5":0,"6":0,"7":0,"8":0,"9":0,"10":0,"11":0,"12":0},"f":{"0":0,"1":0,"2":0,"3":0,"4":0,"5":0},"b":{"0":[0,0],"1":[0,0]}}
,"C:\\Users\\Gosia\\Desktop\\GitHub\\Handyman\\components\\molecules\\RatingNumberCard\\RatingNumberCard.tsx": {"path":"C:\\Users\\Gosia\\Desktop\\GitHub\\Handyman\\components\\molecules\\RatingNumberCard\\RatingNumberCard.tsx","statementMap":{"0":{"start":{"line":11,"column":49},"end":{"line":22,"column":1}},"1":{"start":{"line":12,"column":2},"end":{"line":21,"column":4}}},"fnMap":{"0":{"name":"(anonymous_0)","decl":{"start":{"line":11,"column":49},"end":{"line":11,"column":50}},"loc":{"start":{"line":11,"column":69},"end":{"line":22,"column":1}},"line":11}},"branchMap":{},"s":{"0":0,"1":0},"f":{"0":0},"b":{}}
,"C:\\Users\\Gosia\\Desktop\\GitHub\\Handyman\\components\\molecules\\RatingReviews\\RatingReviews.tsx": {"path":"C:\\Users\\Gosia\\Desktop\\GitHub\\Handyman\\components\\molecules\\RatingReviews\\RatingReviews.tsx","statementMap":{"0":{"start":{"line":15,"column":46},"end":{"line":30,"column":1}},"1":{"start":{"line":20,"column":2},"end":{"line":29,"column":4}}},"fnMap":{"0":{"name":"(anonymous_0)","decl":{"start":{"line":15,"column":46},"end":{"line":15,"column":47}},"loc":{"start":{"line":19,"column":6},"end":{"line":30,"column":1}},"line":19}},"branchMap":{},"s":{"0":0,"1":0},"f":{"0":0},"b":{}}
,"C:\\Users\\Gosia\\Desktop\\GitHub\\Handyman\\components\\molecules\\StarRating\\StarRating.tsx": {"path":"C:\\Users\\Gosia\\Desktop\\GitHub\\Handyman\\components\\molecules\\StarRating\\StarRating.tsx","statementMap":{"0":{"start":{"line":11,"column":43},"end":{"line":45,"column":1}},"1":{"start":{"line":12,"column":2},"end":{"line":44,"column":9}}},"fnMap":{"0":{"name":"(anonymous_0)","decl":{"start":{"line":11,"column":43},"end":{"line":11,"column":44}},"loc":{"start":{"line":12,"column":2},"end":{"line":44,"column":9}},"line":12}},"branchMap":{"0":{"loc":{"start":{"line":16,"column":8},"end":{"line":20,"column":31}},"type":"cond-expr","locations":[{"start":{"line":17,"column":12},"end":{"line":17,"column":28}},{"start":{"line":18,"column":12},"end":{"line":20,"column":31}}],"line":16},"1":{"loc":{"start":{"line":18,"column":12},"end":{"line":20,"column":31}},"type":"cond-expr","locations":[{"start":{"line":19,"column":12},"end":{"line":19,"column":31}},{"start":{"line":20,"column":12},"end":{"line":20,"column":31}}],"line":18},"2":{"loc":{"start":{"line":26,"column":17},"end":{"line":26,"column":73}},"type":"cond-expr","locations":[{"start":{"line":26,"column":35},"end":{"line":26,"column":51}},{"start":{"line":26,"column":54},"end":{"line":26,"column":73}}],"line":26},"3":{"loc":{"start":{"line":31,"column":17},"end":{"line":31,"column":73}},"type":"cond-expr","locations":[{"start":{"line":31,"column":35},"end":{"line":31,"column":51}},{"start":{"line":31,"column":54},"end":{"line":31,"column":73}}],"line":31},"4":{"loc":{"start":{"line":36,"column":17},"end":{"line":36,"column":73}},"type":"cond-expr","locations":[{"start":{"line":36,"column":35},"end":{"line":36,"column":51}},{"start":{"line":36,"column":54},"end":{"line":36,"column":73}}],"line":36},"5":{"loc":{"start":{"line":41,"column":17},"end":{"line":41,"column":73}},"type":"cond-expr","locations":[{"start":{"line":41,"column":35},"end":{"line":41,"column":51}},{"start":{"line":41,"column":54},"end":{"line":41,"column":73}}],"line":41}},"s":{"0":0,"1":0},"f":{"0":0},"b":{"0":[0,0],"1":[0,0],"2":[0,0],"3":[0,0],"4":[0,0],"5":[0,0]}}
,"C:\\Users\\Gosia\\Desktop\\GitHub\\Handyman\\components\\molecules\\SubCategoryList\\SubCategoryList.tsx": {"path":"C:\\Users\\Gosia\\Desktop\\GitHub\\Handyman\\components\\molecules\\SubCategoryList\\SubCategoryList.tsx","statementMap":{"0":{"start":{"line":11,"column":48},"end":{"line":23,"column":1}},"1":{"start":{"line":12,"column":2},"end":{"line":22,"column":4}},"2":{"start":{"line":18,"column":30},"end":{"line":18,"column":34}},"3":{"start":{"line":19,"column":32},"end":{"line":19,"column":71}}},"fnMap":{"0":{"name":"(anonymous_0)","decl":{"start":{"line":11,"column":48},"end":{"line":11,"column":49}},"loc":{"start":{"line":11,"column":69},"end":{"line":23,"column":1}},"line":11},"1":{"name":"(anonymous_1)","decl":{"start":{"line":18,"column":22},"end":{"line":18,"column":23}},"loc":{"start":{"line":18,"column":30},"end":{"line":18,"column":34}},"line":18},"2":{"name":"(anonymous_2)","decl":{"start":{"line":19,"column":20},"end":{"line":19,"column":21}},"loc":{"start":{"line":19,"column":32},"end":{"line":19,"column":71}},"line":19}},"branchMap":{},"s":{"0":0,"1":0,"2":0,"3":0},"f":{"0":0,"1":0,"2":0},"b":{}}
,"C:\\Users\\Gosia\\Desktop\\GitHub\\Handyman\\components\\molecules\\TextAreaWithLabel\\TextAreaWithLabel.tsx": {"path":"C:\\Users\\Gosia\\Desktop\\GitHub\\Handyman\\components\\molecules\\TextAreaWithLabel\\TextAreaWithLabel.tsx","statementMap":{"0":{"start":{"line":22,"column":4},"end":{"line":45,"column":1}},"1":{"start":{"line":23,"column":28},"end":{"line":23,"column":59}},"2":{"start":{"line":25,"column":2},"end":{"line":35,"column":6}},"3":{"start":{"line":25,"column":34},"end":{"line":35,"column":3}},"4":{"start":{"line":27,"column":6},"end":{"line":27,"column":57}},"5":{"start":{"line":30,"column":6},"end":{"line":30,"column":41}},"6":{"start":{"line":33,"column":6},"end":{"line":33,"column":52}},"7":{"start":{"line":37,"column":2},"end":{"line":44,"column":4}},"8":{"start":{"line":47,"column":33},"end":{"line":47,"column":74}}},"fnMap":{"0":{"name":"(anonymous_0)","decl":{"start":{"line":22,"column":4},"end":{"line":22,"column":5}},"loc":{"start":{"line":22,"column":50},"end":{"line":45,"column":1}},"line":22},"1":{"name":"(anonymous_1)","decl":{"start":{"line":25,"column":27},"end":{"line":25,"column":28}},"loc":{"start":{"line":25,"column":34},"end":{"line":35,"column":3}},"line":25},"2":{"name":"(anonymous_2)","decl":{"start":{"line":26,"column":14},"end":{"line":26,"column":15}},"loc":{"start":{"line":26,"column":20},"end":{"line":28,"column":5}},"line":26},"3":{"name":"(anonymous_3)","decl":{"start":{"line":29,"column":11},"end":{"line":29,"column":12}},"loc":{"start":{"line":29,"column":17},"end":{"line":31,"column":5}},"line":29},"4":{"name":"(anonymous_4)","decl":{"start":{"line":32,"column":15},"end":{"line":32,"column":16}},"loc":{"start":{"line":32,"column":21},"end":{"line":34,"column":5}},"line":32}},"branchMap":{"0":{"loc":{"start":{"line":27,"column":13},"end":{"line":27,"column":56}},"type":"binary-expr","locations":[{"start":{"line":27,"column":13},"end":{"line":27,"column":50}},{"start":{"line":27,"column":54},"end":{"line":27,"column":56}}],"line":27}},"s":{"0":0,"1":0,"2":0,"3":0,"4":0,"5":0,"6":0,"7":0,"8":0},"f":{"0":0,"1":0,"2":0,"3":0,"4":0},"b":{"0":[0,0]}}
,"C:\\Users\\Gosia\\Desktop\\GitHub\\Handyman\\components\\organisms\\AppointmentForm\\AppointmentForm.tsx": {"path":"C:\\Users\\Gosia\\Desktop\\GitHub\\Handyman\\components\\organisms\\AppointmentForm\\AppointmentForm.tsx","statementMap":{"0":{"start":{"line":26,"column":48},"end":{"line":104,"column":1}},"1":{"start":{"line":30,"column":20},"end":{"line":30,"column":50}},"2":{"start":{"line":32,"column":24},"end":{"line":38,"column":3}},"3":{"start":{"line":40,"column":32},"end":{"line":40,"column":72}},"4":{"start":{"line":41,"column":33},"end":{"line":41,"column":79}},"5":{"start":{"line":42,"column":33},"end":{"line":42,"column":73}},"6":{"start":{"line":44,"column":22},"end":{"line":58,"column":3}},"7":{"start":{"line":45,"column":30},"end":{"line":45,"column":71}},"8":{"start":{"line":46,"column":31},"end":{"line":46,"column":73}},"9":{"start":{"line":47,"column":31},"end":{"line":47,"column":73}},"10":{"start":{"line":49,"column":4},"end":{"line":57,"column":5}},"11":{"start":{"line":50,"column":6},"end":{"line":54,"column":8}},"12":{"start":{"line":56,"column":6},"end":{"line":56,"column":38}},"13":{"start":{"line":60,"column":32},"end":{"line":63,"column":3}},"14":{"start":{"line":61,"column":4},"end":{"line":61,"column":39}},"15":{"start":{"line":62,"column":4},"end":{"line":62,"column":22}},"16":{"start":{"line":65,"column":2},"end":{"line":103,"column":4}}},"fnMap":{"0":{"name":"(anonymous_0)","decl":{"start":{"line":26,"column":48},"end":{"line":26,"column":49}},"loc":{"start":{"line":29,"column":6},"end":{"line":104,"column":1}},"line":29},"1":{"name":"(anonymous_1)","decl":{"start":{"line":44,"column":22},"end":{"line":44,"column":23}},"loc":{"start":{"line":44,"column":28},"end":{"line":58,"column":3}},"line":44},"2":{"name":"(anonymous_2)","decl":{"start":{"line":60,"column":32},"end":{"line":60,"column":33}},"loc":{"start":{"line":60,"column":38},"end":{"line":63,"column":3}},"line":60}},"branchMap":{"0":{"loc":{"start":{"line":49,"column":4},"end":{"line":57,"column":5}},"type":"if","locations":[{"start":{"line":49,"column":4},"end":{"line":57,"column":5}},{"start":{"line":55,"column":11},"end":{"line":57,"column":5}}],"line":49},"1":{"loc":{"start":{"line":49,"column":8},"end":{"line":49,"column":69}},"type":"binary-expr","locations":[{"start":{"line":49,"column":8},"end":{"line":49,"column":25}},{"start":{"line":49,"column":29},"end":{"line":49,"column":47}},{"start":{"line":49,"column":51},"end":{"line":49,"column":69}}],"line":49}},"s":{"0":0,"1":0,"2":0,"3":0,"4":0,"5":0,"6":0,"7":0,"8":0,"9":0,"10":0,"11":0,"12":0,"13":0,"14":0,"15":0,"16":0},"f":{"0":0,"1":0,"2":0},"b":{"0":[0,0],"1":[0,0,0]}}
,"C:\\Users\\Gosia\\Desktop\\GitHub\\Handyman\\components\\organisms\\CategoryMenu\\CategoryMenu.tsx": {"path":"C:\\Users\\Gosia\\Desktop\\GitHub\\Handyman\\components\\organisms\\CategoryMenu\\CategoryMenu.tsx","statementMap":{"0":{"start":{"line":8,"column":38},"end":{"line":84,"column":1}},"1":{"start":{"line":9,"column":21},"end":{"line":9,"column":51}},"2":{"start":{"line":11,"column":54},"end":{"line":11,"column":74}},"3":{"start":{"line":13,"column":26},"end":{"line":16,"column":3}},"4":{"start":{"line":14,"column":4},"end":{"line":14,"column":32}},"5":{"start":{"line":15,"column":4},"end":{"line":15,"column":36}},"6":{"start":{"line":18,"column":22},"end":{"line":21,"column":6}},"7":{"start":{"line":19,"column":4},"end":{"line":21,"column":6}},"8":{"start":{"line":23,"column":2},"end":{"line":83,"column":4}},"9":{"start":{"line":27,"column":25},"end":{"line":27,"column":52}},"10":{"start":{"line":33,"column":25},"end":{"line":33,"column":52}},"11":{"start":{"line":39,"column":25},"end":{"line":39,"column":52}},"12":{"start":{"line":45,"column":25},"end":{"line":45,"column":58}},"13":{"start":{"line":51,"column":25},"end":{"line":51,"column":54}},"14":{"start":{"line":57,"column":25},"end":{"line":57,"column":51}},"15":{"start":{"line":63,"column":25},"end":{"line":63,"column":56}},"16":{"start":{"line":69,"column":25},"end":{"line":69,"column":55}}},"fnMap":{"0":{"name":"(anonymous_0)","decl":{"start":{"line":8,"column":38},"end":{"line":8,"column":39}},"loc":{"start":{"line":8,"column":44},"end":{"line":84,"column":1}},"line":8},"1":{"name":"(anonymous_1)","decl":{"start":{"line":13,"column":26},"end":{"line":13,"column":27}},"loc":{"start":{"line":13,"column":44},"end":{"line":16,"column":3}},"line":13},"2":{"name":"(anonymous_2)","decl":{"start":{"line":18,"column":22},"end":{"line":18,"column":23}},"loc":{"start":{"line":19,"column":4},"end":{"line":21,"column":6}},"line":19},"3":{"name":"(anonymous_3)","decl":{"start":{"line":27,"column":19},"end":{"line":27,"column":20}},"loc":{"start":{"line":27,"column":25},"end":{"line":27,"column":52}},"line":27},"4":{"name":"(anonymous_4)","decl":{"start":{"line":33,"column":19},"end":{"line":33,"column":20}},"loc":{"start":{"line":33,"column":25},"end":{"line":33,"column":52}},"line":33},"5":{"name":"(anonymous_5)","decl":{"start":{"line":39,"column":19},"end":{"line":39,"column":20}},"loc":{"start":{"line":39,"column":25},"end":{"line":39,"column":52}},"line":39},"6":{"name":"(anonymous_6)","decl":{"start":{"line":45,"column":19},"end":{"line":45,"column":20}},"loc":{"start":{"line":45,"column":25},"end":{"line":45,"column":58}},"line":45},"7":{"name":"(anonymous_7)","decl":{"start":{"line":51,"column":19},"end":{"line":51,"column":20}},"loc":{"start":{"line":51,"column":25},"end":{"line":51,"column":54}},"line":51},"8":{"name":"(anonymous_8)","decl":{"start":{"line":57,"column":19},"end":{"line":57,"column":20}},"loc":{"start":{"line":57,"column":25},"end":{"line":57,"column":51}},"line":57},"9":{"name":"(anonymous_9)","decl":{"start":{"line":63,"column":19},"end":{"line":63,"column":20}},"loc":{"start":{"line":63,"column":25},"end":{"line":63,"column":56}},"line":63},"10":{"name":"(anonymous_10)","decl":{"start":{"line":69,"column":19},"end":{"line":69,"column":20}},"loc":{"start":{"line":69,"column":25},"end":{"line":69,"column":55}},"line":69}},"branchMap":{},"s":{"0":0,"1":0,"2":0,"3":0,"4":0,"5":0,"6":0,"7":0,"8":0,"9":0,"10":0,"11":0,"12":0,"13":0,"14":0,"15":0,"16":0},"f":{"0":0,"1":0,"2":0,"3":0,"4":0,"5":0,"6":0,"7":0,"8":0,"9":0,"10":0},"b":{}}
,"C:\\Users\\Gosia\\Desktop\\GitHub\\Handyman\\components\\organisms\\DrawerContent\\DrawerContent.tsx": {"path":"C:\\Users\\Gosia\\Desktop\\GitHub\\Handyman\\components\\organisms\\DrawerContent\\DrawerContent.tsx","statementMap":{"0":{"start":{"line":15,"column":46},"end":{"line":39,"column":1}},"1":{"start":{"line":21,"column":2},"end":{"line":38,"column":4}}},"fnMap":{"0":{"name":"(anonymous_0)","decl":{"start":{"line":15,"column":46},"end":{"line":15,"column":47}},"loc":{"start":{"line":20,"column":6},"end":{"line":39,"column":1}},"line":20}},"branchMap":{},"s":{"0":0,"1":0},"f":{"0":0},"b":{}}
,"C:\\Users\\Gosia\\Desktop\\GitHub\\Handyman\\components\\organisms\\DrawerHeader\\DrawerHeader.tsx": {"path":"C:\\Users\\Gosia\\Desktop\\GitHub\\Handyman\\components\\organisms\\DrawerHeader\\DrawerHeader.tsx","statementMap":{"0":{"start":{"line":14,"column":45},"end":{"line":37,"column":1}},"1":{"start":{"line":19,"column":2},"end":{"line":36,"column":4}}},"fnMap":{"0":{"name":"(anonymous_0)","decl":{"start":{"line":14,"column":45},"end":{"line":14,"column":46}},"loc":{"start":{"line":18,"column":6},"end":{"line":37,"column":1}},"line":18}},"branchMap":{},"s":{"0":0,"1":0},"f":{"0":0},"b":{}}
,"C:\\Users\\Gosia\\Desktop\\GitHub\\Handyman\\components\\organisms\\DrawerMainItems\\DrawerMainItems.tsx": {"path":"C:\\Users\\Gosia\\Desktop\\GitHub\\Handyman\\components\\organisms\\DrawerMainItems\\DrawerMainItems.tsx","statementMap":{"0":{"start":{"line":10,"column":48},"end":{"line":104,"column":1}},"1":{"start":{"line":11,"column":30},"end":{"line":11,"column":50}},"2":{"start":{"line":13,"column":28},"end":{"line":17,"column":3}},"3":{"start":{"line":14,"column":4},"end":{"line":14,"column":26}},"4":{"start":{"line":16,"column":4},"end":{"line":16,"column":43}},"5":{"start":{"line":18,"column":29},"end":{"line":20,"column":3}},"6":{"start":{"line":19,"column":4},"end":{"line":19,"column":18}},"7":{"start":{"line":22,"column":2},"end":{"line":103,"column":4}},"8":{"start":{"line":29,"column":27},"end":{"line":29,"column":55}},"9":{"start":{"line":37,"column":27},"end":{"line":37,"column":56}},"10":{"start":{"line":46,"column":27},"end":{"line":46,"column":55}},"11":{"start":{"line":56,"column":27},"end":{"line":56,"column":58}},"12":{"start":{"line":64,"column":27},"end":{"line":64,"column":53}},"13":{"start":{"line":74,"column":27},"end":{"line":74,"column":55}},"14":{"start":{"line":88,"column":27},"end":{"line":88,"column":58}},"15":{"start":{"line":98,"column":27},"end":{"line":98,"column":56}}},"fnMap":{"0":{"name":"(anonymous_0)","decl":{"start":{"line":10,"column":48},"end":{"line":10,"column":49}},"loc":{"start":{"line":10,"column":56},"end":{"line":104,"column":1}},"line":10},"1":{"name":"(anonymous_1)","decl":{"start":{"line":13,"column":28},"end":{"line":13,"column":29}},"loc":{"start":{"line":13,"column":52},"end":{"line":17,"column":3}},"line":13},"2":{"name":"(anonymous_2)","decl":{"start":{"line":18,"column":29},"end":{"line":18,"column":30}},"loc":{"start":{"line":18,"column":35},"end":{"line":20,"column":3}},"line":18},"3":{"name":"(anonymous_3)","decl":{"start":{"line":29,"column":21},"end":{"line":29,"column":22}},"loc":{"start":{"line":29,"column":27},"end":{"line":29,"column":55}},"line":29},"4":{"name":"(anonymous_4)","decl":{"start":{"line":37,"column":21},"end":{"line":37,"column":22}},"loc":{"start":{"line":37,"column":27},"end":{"line":37,"column":56}},"line":37},"5":{"name":"(anonymous_5)","decl":{"start":{"line":46,"column":21},"end":{"line":46,"column":22}},"loc":{"start":{"line":46,"column":27},"end":{"line":46,"column":55}},"line":46},"6":{"name":"(anonymous_6)","decl":{"start":{"line":56,"column":21},"end":{"line":56,"column":22}},"loc":{"start":{"line":56,"column":27},"end":{"line":56,"column":58}},"line":56},"7":{"name":"(anonymous_7)","decl":{"start":{"line":64,"column":21},"end":{"line":64,"column":22}},"loc":{"start":{"line":64,"column":27},"end":{"line":64,"column":53}},"line":64},"8":{"name":"(anonymous_8)","decl":{"start":{"line":74,"column":21},"end":{"line":74,"column":22}},"loc":{"start":{"line":74,"column":27},"end":{"line":74,"column":55}},"line":74},"9":{"name":"(anonymous_9)","decl":{"start":{"line":88,"column":21},"end":{"line":88,"column":22}},"loc":{"start":{"line":88,"column":27},"end":{"line":88,"column":58}},"line":88},"10":{"name":"(anonymous_10)","decl":{"start":{"line":98,"column":21},"end":{"line":98,"column":22}},"loc":{"start":{"line":98,"column":27},"end":{"line":98,"column":56}},"line":98}},"branchMap":{"0":{"loc":{"start":{"line":26,"column":16},"end":{"line":26,"column":71}},"type":"cond-expr","locations":[{"start":{"line":26,"column":39},"end":{"line":26,"column":54}},{"start":{"line":26,"column":57},"end":{"line":26,"column":71}}],"line":26},"1":{"loc":{"start":{"line":28,"column":21},"end":{"line":28,"column":78}},"type":"cond-expr","locations":[{"start":{"line":28,"column":44},"end":{"line":28,"column":55}},{"start":{"line":28,"column":58},"end":{"line":28,"column":78}}],"line":28},"2":{"loc":{"start":{"line":34,"column":16},"end":{"line":34,"column":70}},"type":"cond-expr","locations":[{"start":{"line":34,"column":40},"end":{"line":34,"column":54}},{"start":{"line":34,"column":57},"end":{"line":34,"column":70}}],"line":34},"3":{"loc":{"start":{"line":36,"column":21},"end":{"line":36,"column":79}},"type":"cond-expr","locations":[{"start":{"line":36,"column":45},"end":{"line":36,"column":56}},{"start":{"line":36,"column":59},"end":{"line":36,"column":79}}],"line":36},"4":{"loc":{"start":{"line":42,"column":16},"end":{"line":42,"column":77}},"type":"cond-expr","locations":[{"start":{"line":42,"column":39},"end":{"line":42,"column":57}},{"start":{"line":42,"column":60},"end":{"line":42,"column":77}}],"line":42},"5":{"loc":{"start":{"line":45,"column":21},"end":{"line":45,"column":78}},"type":"cond-expr","locations":[{"start":{"line":45,"column":44},"end":{"line":45,"column":55}},{"start":{"line":45,"column":58},"end":{"line":45,"column":78}}],"line":45},"6":{"loc":{"start":{"line":51,"column":16},"end":{"line":51,"column":76}},"type":"cond-expr","locations":[{"start":{"line":51,"column":42},"end":{"line":51,"column":58}},{"start":{"line":51,"column":61},"end":{"line":51,"column":76}}],"line":51},"7":{"loc":{"start":{"line":54,"column":12},"end":{"line":54,"column":72}},"type":"cond-expr","locations":[{"start":{"line":54,"column":38},"end":{"line":54,"column":49}},{"start":{"line":54,"column":52},"end":{"line":54,"column":72}}],"line":54},"8":{"loc":{"start":{"line":61,"column":16},"end":{"line":61,"column":71}},"type":"cond-expr","locations":[{"start":{"line":61,"column":37},"end":{"line":61,"column":53}},{"start":{"line":61,"column":56},"end":{"line":61,"column":71}}],"line":61},"9":{"loc":{"start":{"line":63,"column":21},"end":{"line":63,"column":76}},"type":"cond-expr","locations":[{"start":{"line":63,"column":42},"end":{"line":63,"column":53}},{"start":{"line":63,"column":56},"end":{"line":63,"column":76}}],"line":63},"10":{"loc":{"start":{"line":70,"column":12},"end":{"line":70,"column":79}},"type":"cond-expr","locations":[{"start":{"line":70,"column":35},"end":{"line":70,"column":56}},{"start":{"line":70,"column":59},"end":{"line":70,"column":79}}],"line":70},"11":{"loc":{"start":{"line":73,"column":21},"end":{"line":73,"column":78}},"type":"cond-expr","locations":[{"start":{"line":73,"column":44},"end":{"line":73,"column":55}},{"start":{"line":73,"column":58},"end":{"line":73,"column":78}}],"line":73},"12":{"loc":{"start":{"line":82,"column":12},"end":{"line":82,"column":78}},"type":"cond-expr","locations":[{"start":{"line":82,"column":38},"end":{"line":82,"column":57}},{"start":{"line":82,"column":60},"end":{"line":82,"column":78}}],"line":82},"13":{"loc":{"start":{"line":86,"column":12},"end":{"line":86,"column":72}},"type":"cond-expr","locations":[{"start":{"line":86,"column":38},"end":{"line":86,"column":49}},{"start":{"line":86,"column":52},"end":{"line":86,"column":72}}],"line":86},"14":{"loc":{"start":{"line":94,"column":12},"end":{"line":94,"column":76}},"type":"cond-expr","locations":[{"start":{"line":94,"column":36},"end":{"line":94,"column":55}},{"start":{"line":94,"column":58},"end":{"line":94,"column":76}}],"line":94},"15":{"loc":{"start":{"line":97,"column":21},"end":{"line":97,"column":79}},"type":"cond-expr","locations":[{"start":{"line":97,"column":45},"end":{"line":97,"column":56}},{"start":{"line":97,"column":59},"end":{"line":97,"column":79}}],"line":97}},"s":{"0":0,"1":0,"2":0,"3":0,"4":0,"5":0,"6":0,"7":0,"8":0,"9":0,"10":0,"11":0,"12":0,"13":0,"14":0,"15":0},"f":{"0":0,"1":0,"2":0,"3":0,"4":0,"5":0,"6":0,"7":0,"8":0,"9":0,"10":0},"b":{"0":[0,0],"1":[0,0],"2":[0,0],"3":[0,0],"4":[0,0],"5":[0,0],"6":[0,0],"7":[0,0],"8":[0,0],"9":[0,0],"10":[0,0],"11":[0,0],"12":[0,0],"13":[0,0],"14":[0,0],"15":[0,0]}}
,"C:\\Users\\Gosia\\Desktop\\GitHub\\Handyman\\components\\organisms\\HandymanAppointmentCard\\HandymanAppointmentCard.tsx": {"path":"C:\\Users\\Gosia\\Desktop\\GitHub\\Handyman\\components\\organisms\\HandymanAppointmentCard\\HandymanAppointmentCard.tsx","statementMap":{"0":{"start":{"line":23,"column":56},"end":{"line":55,"column":1}},"1":{"start":{"line":33,"column":2},"end":{"line":54,"column":14}}},"fnMap":{"0":{"name":"(anonymous_0)","decl":{"start":{"line":23,"column":56},"end":{"line":23,"column":57}},"loc":{"start":{"line":33,"column":2},"end":{"line":54,"column":14}},"line":33}},"branchMap":{},"s":{"0":0,"1":0},"f":{"0":0},"b":{}}
,"C:\\Users\\Gosia\\Desktop\\GitHub\\Handyman\\components\\organisms\\HandymanCard\\HandymanCard.tsx": {"path":"C:\\Users\\Gosia\\Desktop\\GitHub\\Handyman\\components\\organisms\\HandymanCard\\HandymanCard.tsx","statementMap":{"0":{"start":{"line":24,"column":45},"end":{"line":68,"column":1}},"1":{"start":{"line":35,"column":2},"end":{"line":67,"column":4}}},"fnMap":{"0":{"name":"(anonymous_0)","decl":{"start":{"line":24,"column":45},"end":{"line":24,"column":46}},"loc":{"start":{"line":34,"column":6},"end":{"line":68,"column":1}},"line":34}},"branchMap":{},"s":{"0":0,"1":0},"f":{"0":0},"b":{}}
,"C:\\Users\\Gosia\\Desktop\\GitHub\\Handyman\\components\\organisms\\SignInForm\\SignInForm.tsx": {"path":"C:\\Users\\Gosia\\Desktop\\GitHub\\Handyman\\components\\organisms\\SignInForm\\SignInForm.tsx","statementMap":{"0":{"start":{"line":19,"column":43},"end":{"line":58,"column":1}},"1":{"start":{"line":24,"column":30},"end":{"line":24,"column":63}},"2":{"start":{"line":25,"column":33},"end":{"line":25,"column":74}},"3":{"start":{"line":27,"column":23},"end":{"line":36,"column":3}},"4":{"start":{"line":28,"column":23},"end":{"line":28,"column":62}},"5":{"start":{"line":29,"column":26},"end":{"line":29,"column":68}},"6":{"start":{"line":31,"column":4},"end":{"line":35,"column":5}},"7":{"start":{"line":32,"column":6},"end":{"line":32,"column":47}},"8":{"start":{"line":34,"column":6},"end":{"line":34,"column":28}},"9":{"start":{"line":38,"column":2},"end":{"line":57,"column":4}}},"fnMap":{"0":{"name":"(anonymous_0)","decl":{"start":{"line":19,"column":43},"end":{"line":19,"column":44}},"loc":{"start":{"line":23,"column":6},"end":{"line":58,"column":1}},"line":23},"1":{"name":"(anonymous_1)","decl":{"start":{"line":27,"column":23},"end":{"line":27,"column":24}},"loc":{"start":{"line":27,"column":29},"end":{"line":36,"column":3}},"line":27}},"branchMap":{"0":{"loc":{"start":{"line":31,"column":4},"end":{"line":35,"column":5}},"type":"if","locations":[{"start":{"line":31,"column":4},"end":{"line":35,"column":5}},{"start":{"line":33,"column":11},"end":{"line":35,"column":5}}],"line":31},"1":{"loc":{"start":{"line":31,"column":8},"end":{"line":31,"column":35}},"type":"binary-expr","locations":[{"start":{"line":31,"column":8},"end":{"line":31,"column":18}},{"start":{"line":31,"column":22},"end":{"line":31,"column":35}}],"line":31}},"s":{"0":0,"1":0,"2":0,"3":0,"4":0,"5":0,"6":0,"7":0,"8":0,"9":0},"f":{"0":0,"1":0},"b":{"0":[0,0],"1":[0,0]}}
,"C:\\Users\\Gosia\\Desktop\\GitHub\\Handyman\\components\\organisms\\SignInTop\\SignInTop.tsx": {"path":"C:\\Users\\Gosia\\Desktop\\GitHub\\Handyman\\components\\organisms\\SignInTop\\SignInTop.tsx","statementMap":{"0":{"start":{"line":11,"column":42},"end":{"line":18,"column":1}},"1":{"start":{"line":12,"column":2},"end":{"line":17,"column":4}}},"fnMap":{"0":{"name":"(anonymous_0)","decl":{"start":{"line":11,"column":42},"end":{"line":11,"column":43}},"loc":{"start":{"line":11,"column":61},"end":{"line":18,"column":1}},"line":11}},"branchMap":{},"s":{"0":0,"1":0},"f":{"0":0},"b":{}}
,"C:\\Users\\Gosia\\Desktop\\GitHub\\Handyman\\components\\organisms\\SignUpForm\\SignUpForm.tsx": {"path":"C:\\Users\\Gosia\\Desktop\\GitHub\\Handyman\\components\\organisms\\SignUpForm\\SignUpForm.tsx","statementMap":{"0":{"start":{"line":24,"column":43},"end":{"line":60,"column":1}},"1":{"start":{"line":25,"column":33},"end":{"line":25,"column":66}},"2":{"start":{"line":26,"column":30},"end":{"line":26,"column":63}},"3":{"start":{"line":27,"column":33},"end":{"line":27,"column":74}},"4":{"start":{"line":28,"column":32},"end":{"line":28,"column":77}},"5":{"start":{"line":30,"column":23},"end":{"line":46,"column":3}},"6":{"start":{"line":31,"column":26},"end":{"line":31,"column":68}},"7":{"start":{"line":32,"column":23},"end":{"line":32,"column":62}},"8":{"start":{"line":33,"column":26},"end":{"line":33,"column":68}},"9":{"start":{"line":34,"column":30},"end":{"line":34,"column":71}},"10":{"start":{"line":36,"column":4},"end":{"line":45,"column":5}},"11":{"start":{"line":37,"column":6},"end":{"line":42,"column":8}},"12":{"start":{"line":44,"column":6},"end":{"line":44,"column":38}},"13":{"start":{"line":48,"column":2},"end":{"line":59,"column":4}}},"fnMap":{"0":{"name":"(anonymous_0)","decl":{"start":{"line":24,"column":43},"end":{"line":24,"column":44}},"loc":{"start":{"line":24,"column":64},"end":{"line":60,"column":1}},"line":24},"1":{"name":"(anonymous_1)","decl":{"start":{"line":30,"column":23},"end":{"line":30,"column":24}},"loc":{"start":{"line":30,"column":29},"end":{"line":46,"column":3}},"line":30}},"branchMap":{"0":{"loc":{"start":{"line":36,"column":4},"end":{"line":45,"column":5}},"type":"if","locations":[{"start":{"line":36,"column":4},"end":{"line":45,"column":5}},{"start":{"line":43,"column":11},"end":{"line":45,"column":5}}],"line":36},"1":{"loc":{"start":{"line":36,"column":8},"end":{"line":36,"column":35}},"type":"binary-expr","locations":[{"start":{"line":36,"column":8},"end":{"line":36,"column":18}},{"start":{"line":36,"column":22},"end":{"line":36,"column":35}}],"line":36}},"s":{"0":0,"1":0,"2":0,"3":0,"4":0,"5":0,"6":0,"7":0,"8":0,"9":0,"10":0,"11":0,"12":0,"13":0},"f":{"0":0,"1":0},"b":{"0":[0,0],"1":[0,0]}}
,"C:\\Users\\Gosia\\Desktop\\GitHub\\Handyman\\components\\organisms\\SocialSignUp\\SocialSignUp.tsx": {"path":"C:\\Users\\Gosia\\Desktop\\GitHub\\Handyman\\components\\organisms\\SocialSignUp\\SocialSignUp.tsx","statementMap":{"0":{"start":{"line":13,"column":45},"end":{"line":37,"column":1}},"1":{"start":{"line":18,"column":2},"end":{"line":36,"column":4}}},"fnMap":{"0":{"name":"(anonymous_0)","decl":{"start":{"line":13,"column":45},"end":{"line":13,"column":46}},"loc":{"start":{"line":17,"column":6},"end":{"line":37,"column":1}},"line":17}},"branchMap":{},"s":{"0":0,"1":0},"f":{"0":0},"b":{}}
,"C:\\Users\\Gosia\\Desktop\\GitHub\\Handyman\\components\\screens\\DrawerScreen\\DrawerScreen.tsx": {"path":"C:\\Users\\Gosia\\Desktop\\GitHub\\Handyman\\components\\screens\\DrawerScreen\\DrawerScreen.tsx","statementMap":{"0":{"start":{"line":5,"column":38},"end":{"line":17,"column":1}},"1":{"start":{"line":6,"column":24},"end":{"line":8,"column":3}},"2":{"start":{"line":7,"column":4},"end":{"line":7,"column":30}},"3":{"start":{"line":9,"column":2},"end":{"line":16,"column":4}}},"fnMap":{"0":{"name":"(anonymous_0)","decl":{"start":{"line":5,"column":38},"end":{"line":5,"column":39}},"loc":{"start":{"line":5,"column":44},"end":{"line":17,"column":1}},"line":5},"1":{"name":"(anonymous_1)","decl":{"start":{"line":6,"column":24},"end":{"line":6,"column":25}},"loc":{"start":{"line":6,"column":30},"end":{"line":8,"column":3}},"line":6}},"branchMap":{},"s":{"0":0,"1":0,"2":0,"3":0},"f":{"0":0,"1":0},"b":{}}
,"C:\\Users\\Gosia\\Desktop\\GitHub\\Handyman\\components\\screens\\HandymenListScreen\\HandymenListScreen.tsx": {"path":"C:\\Users\\Gosia\\Desktop\\GitHub\\Handyman\\components\\screens\\HandymenListScreen\\HandymenListScreen.tsx","statementMap":{"0":{"start":{"line":8,"column":44},"end":{"line":12,"column":1}},"1":{"start":{"line":9,"column":29},"end":{"line":9,"column":60}},"2":{"start":{"line":11,"column":2},"end":{"line":11,"column":74}}},"fnMap":{"0":{"name":"(anonymous_0)","decl":{"start":{"line":8,"column":44},"end":{"line":8,"column":45}},"loc":{"start":{"line":8,"column":57},"end":{"line":12,"column":1}},"line":8}},"branchMap":{},"s":{"0":0,"1":0,"2":0},"f":{"0":0},"b":{}}
,"C:\\Users\\Gosia\\Desktop\\GitHub\\Handyman\\components\\screens\\HireHandymanScreen\\HireHandymanScreen.tsx": {"path":"C:\\Users\\Gosia\\Desktop\\GitHub\\Handyman\\components\\screens\\HireHandymanScreen\\HireHandymanScreen.tsx","statementMap":{"0":{"start":{"line":9,"column":51},"end":{"line":48,"column":1}},"1":{"start":{"line":10,"column":23},"end":{"line":10,"column":40}},"2":{"start":{"line":11,"column":2},"end":{"line":11,"column":28}},"3":{"start":{"line":13,"column":30},"end":{"line":29,"column":3}},"4":{"start":{"line":18,"column":4},"end":{"line":28,"column":6}},"5":{"start":{"line":30,"column":26},"end":{"line":32,"column":3}},"6":{"start":{"line":31,"column":4},"end":{"line":31,"column":39}},"7":{"start":{"line":34,"column":2},"end":{"line":47,"column":4}}},"fnMap":{"0":{"name":"(anonymous_0)","decl":{"start":{"line":9,"column":51},"end":{"line":9,"column":52}},"loc":{"start":{"line":9,"column":64},"end":{"line":48,"column":1}},"line":9},"1":{"name":"(anonymous_1)","decl":{"start":{"line":13,"column":30},"end":{"line":13,"column":31}},"loc":{"start":{"line":17,"column":7},"end":{"line":29,"column":3}},"line":17},"2":{"name":"(anonymous_2)","decl":{"start":{"line":30,"column":26},"end":{"line":30,"column":27}},"loc":{"start":{"line":30,"column":32},"end":{"line":32,"column":3}},"line":30}},"branchMap":{},"s":{"0":0,"1":0,"2":0,"3":0,"4":0,"5":0,"6":0,"7":0},"f":{"0":0,"1":0,"2":0},"b":{}}
,"C:\\Users\\Gosia\\Desktop\\GitHub\\Handyman\\components\\screens\\PickAHandymanScreen\\PickAHandymanScreen.tsx": {"path":"C:\\Users\\Gosia\\Desktop\\GitHub\\Handyman\\components\\screens\\PickAHandymanScreen\\PickAHandymanScreen.tsx","statementMap":{"0":{"start":{"line":4,"column":45},"end":{"line":6,"column":1}},"1":{"start":{"line":5,"column":2},"end":{"line":5,"column":35}}},"fnMap":{"0":{"name":"(anonymous_0)","decl":{"start":{"line":4,"column":45},"end":{"line":4,"column":46}},"loc":{"start":{"line":4,"column":51},"end":{"line":6,"column":1}},"line":4}},"branchMap":{},"s":{"0":0,"1":0},"f":{"0":0},"b":{}}
,"C:\\Users\\Gosia\\Desktop\\GitHub\\Handyman\\components\\screens\\SignInScreen\\SignInScreen.tsx": {"path":"C:\\Users\\Gosia\\Desktop\\GitHub\\Handyman\\components\\screens\\SignInScreen\\SignInScreen.tsx","statementMap":{"0":{"start":{"line":7,"column":38},"end":{"line":30,"column":1}},"1":{"start":{"line":8,"column":21},"end":{"line":8,"column":52}},"2":{"start":{"line":10,"column":16},"end":{"line":10,"column":33}},"3":{"start":{"line":11,"column":24},"end":{"line":14,"column":3}},"4":{"start":{"line":12,"column":4},"end":{"line":12,"column":49}},"5":{"start":{"line":13,"column":4},"end":{"line":13,"column":41}},"6":{"start":{"line":15,"column":32},"end":{"line":17,"column":3}},"7":{"start":{"line":16,"column":4},"end":{"line":16,"column":49}},"8":{"start":{"line":19,"column":24},"end":{"line":21,"column":3}},"9":{"start":{"line":20,"column":4},"end":{"line":20,"column":34}},"10":{"start":{"line":22,"column":2},"end":{"line":29,"column":4}}},"fnMap":{"0":{"name":"(anonymous_0)","decl":{"start":{"line":7,"column":38},"end":{"line":7,"column":39}},"loc":{"start":{"line":7,"column":44},"end":{"line":30,"column":1}},"line":7},"1":{"name":"(anonymous_1)","decl":{"start":{"line":11,"column":24},"end":{"line":11,"column":25}},"loc":{"start":{"line":11,"column":63},"end":{"line":14,"column":3}},"line":11},"2":{"name":"(anonymous_2)","decl":{"start":{"line":15,"column":32},"end":{"line":15,"column":33}},"loc":{"start":{"line":15,"column":38},"end":{"line":17,"column":3}},"line":15},"3":{"name":"(anonymous_3)","decl":{"start":{"line":19,"column":24},"end":{"line":19,"column":25}},"loc":{"start":{"line":19,"column":30},"end":{"line":21,"column":3}},"line":19}},"branchMap":{},"s":{"0":0,"1":0,"2":0,"3":0,"4":0,"5":0,"6":0,"7":0,"8":0,"9":0,"10":0},"f":{"0":0,"1":0,"2":0,"3":0},"b":{}}
,"C:\\Users\\Gosia\\Desktop\\GitHub\\Handyman\\components\\screens\\SignUpScreen\\SignUpScreen.tsx": {"path":"C:\\Users\\Gosia\\Desktop\\GitHub\\Handyman\\components\\screens\\SignUpScreen\\SignUpScreen.tsx","statementMap":{"0":{"start":{"line":7,"column":38},"end":{"line":41,"column":1}},"1":{"start":{"line":8,"column":21},"end":{"line":8,"column":52}},"2":{"start":{"line":9,"column":24},"end":{"line":17,"column":3}},"3":{"start":{"line":15,"column":4},"end":{"line":15,"column":71}},"4":{"start":{"line":16,"column":4},"end":{"line":16,"column":41}},"5":{"start":{"line":18,"column":26},"end":{"line":20,"column":3}},"6":{"start":{"line":19,"column":4},"end":{"line":19,"column":40}},"7":{"start":{"line":21,"column":25},"end":{"line":23,"column":3}},"8":{"start":{"line":22,"column":4},"end":{"line":22,"column":39}},"9":{"start":{"line":25,"column":24},"end":{"line":27,"column":3}},"10":{"start":{"line":26,"column":4},"end":{"line":26,"column":38}},"11":{"start":{"line":29,"column":28},"end":{"line":31,"column":3}},"12":{"start":{"line":30,"column":4},"end":{"line":30,"column":34}},"13":{"start":{"line":32,"column":2},"end":{"line":40,"column":4}}},"fnMap":{"0":{"name":"(anonymous_0)","decl":{"start":{"line":7,"column":38},"end":{"line":7,"column":39}},"loc":{"start":{"line":7,"column":44},"end":{"line":41,"column":1}},"line":7},"1":{"name":"(anonymous_1)","decl":{"start":{"line":9,"column":24},"end":{"line":9,"column":25}},"loc":{"start":{"line":14,"column":7},"end":{"line":17,"column":3}},"line":14},"2":{"name":"(anonymous_2)","decl":{"start":{"line":18,"column":26},"end":{"line":18,"column":27}},"loc":{"start":{"line":18,"column":32},"end":{"line":20,"column":3}},"line":18},"3":{"name":"(anonymous_3)","decl":{"start":{"line":21,"column":25},"end":{"line":21,"column":26}},"loc":{"start":{"line":21,"column":31},"end":{"line":23,"column":3}},"line":21},"4":{"name":"(anonymous_4)","decl":{"start":{"line":25,"column":24},"end":{"line":25,"column":25}},"loc":{"start":{"line":25,"column":30},"end":{"line":27,"column":3}},"line":25},"5":{"name":"(anonymous_5)","decl":{"start":{"line":29,"column":28},"end":{"line":29,"column":29}},"loc":{"start":{"line":29,"column":34},"end":{"line":31,"column":3}},"line":29}},"branchMap":{},"s":{"0":0,"1":0,"2":0,"3":0,"4":0,"5":0,"6":0,"7":0,"8":0,"9":0,"10":0,"11":0,"12":0,"13":0},"f":{"0":0,"1":0,"2":0,"3":0,"4":0,"5":0},"b":{}}
,"C:\\Users\\Gosia\\Desktop\\GitHub\\Handyman\\components\\screens\\WelcomeScreen\\WelcomeScreen.tsx": {"path":"C:\\Users\\Gosia\\Desktop\\GitHub\\Handyman\\components\\screens\\WelcomeScreen\\WelcomeScreen.tsx","statementMap":{"0":{"start":{"line":6,"column":39},"end":{"line":14,"column":1}},"1":{"start":{"line":7,"column":21},"end":{"line":7,"column":52}},"2":{"start":{"line":9,"column":28},"end":{"line":11,"column":3}},"3":{"start":{"line":10,"column":4},"end":{"line":10,"column":34}},"4":{"start":{"line":13,"column":2},"end":{"line":13,"column":67}}},"fnMap":{"0":{"name":"(anonymous_0)","decl":{"start":{"line":6,"column":39},"end":{"line":6,"column":40}},"loc":{"start":{"line":6,"column":45},"end":{"line":14,"column":1}},"line":6},"1":{"name":"(anonymous_1)","decl":{"start":{"line":9,"column":28},"end":{"line":9,"column":29}},"loc":{"start":{"line":9,"column":34},"end":{"line":11,"column":3}},"line":9}},"branchMap":{},"s":{"0":0,"1":0,"2":0,"3":0,"4":0},"f":{"0":0,"1":0},"b":{}}
,"C:\\Users\\Gosia\\Desktop\\GitHub\\Handyman\\components\\templates\\DrawerTemplate\\DrawerTemplate.tsx": {"path":"C:\\Users\\Gosia\\Desktop\\GitHub\\Handyman\\components\\templates\\DrawerTemplate\\DrawerTemplate.tsx","statementMap":{"0":{"start":{"line":41,"column":15},"end":{"line":41,"column":38}},"1":{"start":{"line":43,"column":47},"end":{"line":77,"column":1}},"2":{"start":{"line":49,"column":2},"end":{"line":76,"column":4}},"3":{"start":{"line":52,"column":8},"end":{"line":59,"column":10}}},"fnMap":{"0":{"name":"(anonymous_0)","decl":{"start":{"line":43,"column":47},"end":{"line":43,"column":48}},"loc":{"start":{"line":48,"column":6},"end":{"line":77,"column":1}},"line":48},"1":{"name":"(anonymous_1)","decl":{"start":{"line":51,"column":21},"end":{"line":51,"column":22}},"loc":{"start":{"line":52,"column":8},"end":{"line":59,"column":10}},"line":52}},"branchMap":{},"s":{"0":0,"1":0,"2":0,"3":0},"f":{"0":0,"1":0},"b":{}}
,"C:\\Users\\Gosia\\Desktop\\GitHub\\Handyman\\components\\templates\\HandymenListTemplate\\HandymenListTemplate.tsx": {"path":"C:\\Users\\Gosia\\Desktop\\GitHub\\Handyman\\components\\templates\\HandymenListTemplate\\HandymenListTemplate.tsx","statementMap":{"0":{"start":{"line":16,"column":53},"end":{"line":72,"column":1}},"1":{"start":{"line":17,"column":21},"end":{"line":17,"column":51}},"2":{"start":{"line":19,"column":48},"end":{"line":19,"column":67}},"3":{"start":{"line":21,"column":23},"end":{"line":26,"column":3}},"4":{"start":{"line":22,"column":25},"end":{"line":24,"column":6}},"5":{"start":{"line":23,"column":6},"end":{"line":23,"column":54}},"6":{"start":{"line":25,"column":4},"end":{"line":25,"column":37}},"7":{"start":{"line":28,"column":2},"end":{"line":31,"column":27}},"8":{"start":{"line":29,"column":4},"end":{"line":29,"column":19}},"9":{"start":{"line":32,"column":2},"end":{"line":32,"column":34}},"10":{"start":{"line":34,"column":2},"end":{"line":71,"column":4}},"11":{"start":{"line":49,"column":32},"end":{"line":49,"column":41}},"12":{"start":{"line":51,"column":12},"end":{"line":66,"column":19}},"13":{"start":{"line":63,"column":18},"end":{"line":63,"column":68}}},"fnMap":{"0":{"name":"(anonymous_0)","decl":{"start":{"line":16,"column":53},"end":{"line":16,"column":54}},"loc":{"start":{"line":16,"column":79},"end":{"line":72,"column":1}},"line":16},"1":{"name":"(anonymous_1)","decl":{"start":{"line":21,"column":23},"end":{"line":21,"column":24}},"loc":{"start":{"line":21,"column":29},"end":{"line":26,"column":3}},"line":21},"2":{"name":"(anonymous_2)","decl":{"start":{"line":22,"column":45},"end":{"line":22,"column":46}},"loc":{"start":{"line":22,"column":57},"end":{"line":24,"column":5}},"line":22},"3":{"name":"(anonymous_3)","decl":{"start":{"line":28,"column":12},"end":{"line":28,"column":13}},"loc":{"start":{"line":28,"column":18},"end":{"line":31,"column":3}},"line":28},"4":{"name":"(anonymous_4)","decl":{"start":{"line":49,"column":24},"end":{"line":49,"column":25}},"loc":{"start":{"line":49,"column":32},"end":{"line":49,"column":41}},"line":49},"5":{"name":"(anonymous_5)","decl":{"start":{"line":50,"column":22},"end":{"line":50,"column":23}},"loc":{"start":{"line":51,"column":12},"end":{"line":66,"column":19}},"line":51},"6":{"name":"(anonymous_6)","decl":{"start":{"line":62,"column":45},"end":{"line":62,"column":46}},"loc":{"start":{"line":62,"column":51},"end":{"line":64,"column":17}},"line":62}},"branchMap":{},"s":{"0":0,"1":0,"2":0,"3":0,"4":0,"5":0,"6":0,"7":0,"8":0,"9":0,"10":0,"11":0,"12":0,"13":0},"f":{"0":0,"1":0,"2":0,"3":0,"4":0,"5":0,"6":0},"b":{}}
,"C:\\Users\\Gosia\\Desktop\\GitHub\\Handyman\\components\\templates\\HireHandymanTemplate\\HireHandymanTemplate.tsx": {"path":"C:\\Users\\Gosia\\Desktop\\GitHub\\Handyman\\components\\templates\\HireHandymanTemplate\\HireHandymanTemplate.tsx","statementMap":{"0":{"start":{"line":26,"column":53},"end":{"line":71,"column":1}},"1":{"start":{"line":38,"column":2},"end":{"line":70,"column":4}}},"fnMap":{"0":{"name":"(anonymous_0)","decl":{"start":{"line":26,"column":53},"end":{"line":26,"column":54}},"loc":{"start":{"line":37,"column":6},"end":{"line":71,"column":1}},"line":37}},"branchMap":{},"s":{"0":0,"1":0},"f":{"0":0},"b":{}}
,"C:\\Users\\Gosia\\Desktop\\GitHub\\Handyman\\components\\templates\\PickAHandymanTemplate\\PickAHandymanTemplate.tsx": {"path":"C:\\Users\\Gosia\\Desktop\\GitHub\\Handyman\\components\\templates\\PickAHandymanTemplate\\PickAHandymanTemplate.tsx","statementMap":{"0":{"start":{"line":10,"column":54},"end":{"line":28,"column":1}},"1":{"start":{"line":11,"column":2},"end":{"line":27,"column":4}}},"fnMap":{"0":{"name":"(anonymous_0)","decl":{"start":{"line":10,"column":54},"end":{"line":10,"column":55}},"loc":{"start":{"line":10,"column":60},"end":{"line":28,"column":1}},"line":10}},"branchMap":{},"s":{"0":0,"1":0},"f":{"0":0},"b":{}}
,"C:\\Users\\Gosia\\Desktop\\GitHub\\Handyman\\components\\templates\\SignInTemplate\\SignInTemplate.tsx": {"path":"C:\\Users\\Gosia\\Desktop\\GitHub\\Handyman\\components\\templates\\SignInTemplate\\SignInTemplate.tsx","statementMap":{"0":{"start":{"line":14,"column":47},"end":{"line":38,"column":1}},"1":{"start":{"line":20,"column":2},"end":{"line":37,"column":4}}},"fnMap":{"0":{"name":"(anonymous_0)","decl":{"start":{"line":14,"column":47},"end":{"line":14,"column":48}},"loc":{"start":{"line":19,"column":6},"end":{"line":38,"column":1}},"line":19}},"branchMap":{},"s":{"0":0,"1":0},"f":{"0":0},"b":{}}
,"C:\\Users\\Gosia\\Desktop\\GitHub\\Handyman\\components\\templates\\SignUpTemplate\\SignUpTemplate.tsx": {"path":"C:\\Users\\Gosia\\Desktop\\GitHub\\Handyman\\components\\templates\\SignUpTemplate\\SignUpTemplate.tsx","statementMap":{"0":{"start":{"line":21,"column":47},"end":{"line":57,"column":1}},"1":{"start":{"line":28,"column":2},"end":{"line":56,"column":4}}},"fnMap":{"0":{"name":"(anonymous_0)","decl":{"start":{"line":21,"column":47},"end":{"line":21,"column":48}},"loc":{"start":{"line":27,"column":6},"end":{"line":57,"column":1}},"line":27}},"branchMap":{},"s":{"0":0,"1":0},"f":{"0":0},"b":{}}
,"C:\\Users\\Gosia\\Desktop\\GitHub\\Handyman\\components\\templates\\WelcomeTemplate\\WelcomeTemplate.tsx": {"path":"C:\\Users\\Gosia\\Desktop\\GitHub\\Handyman\\components\\templates\\WelcomeTemplate\\WelcomeTemplate.tsx","statementMap":{"0":{"start":{"line":10,"column":48},"end":{"line":36,"column":1}},"1":{"start":{"line":11,"column":2},"end":{"line":35,"column":4}}},"fnMap":{"0":{"name":"(anonymous_0)","decl":{"start":{"line":10,"column":48},"end":{"line":10,"column":49}},"loc":{"start":{"line":10,"column":73},"end":{"line":36,"column":1}},"line":10}},"branchMap":{},"s":{"0":0,"1":0},"f":{"0":0},"b":{}}
}
