TN:
SF:components\atoms\AddPhotoButton\AddPhotoButton.tsx
FN:12,(anonymous_0)
FN:20,(anonymous_1)
FNF:2
FNH:2
FNDA:3,(anonymous_0)
FNDA:3,(anonymous_1)
DA:12,1
DA:17,3
DA:20,3
LF:3
LH:3
BRDA:20,0,0,2
BRDA:20,0,1,1
BRF:2
BRH:2
end_of_record
TN:
SF:components\atoms\ButtonCategory\ButtonCategory.tsx
FN:16,(anonymous_0)
FNF:1
FNH:1
FNDA:3,(anonymous_0)
DA:16,1
DA:24,3
LF:2
LH:2
BRDA:29,0,0,2
BRDA:29,0,1,1
BRDA:35,1,0,2
BRDA:35,1,1,1
BRF:4
BRH:4
end_of_record
TN:
SF:components\atoms\ButtonGreen\ButtonGreen.tsx
FN:14,(anonymous_0)
FN:27,(anonymous_1)
FNF:2
FNH:2
FNDA:4,(anonymous_0)
FNDA:4,(anonymous_1)
DA:14,1
DA:20,4
DA:27,4
LF:3
LH:3
BRDA:27,0,0,2
BRDA:27,0,1,2
BRF:2
BRH:2
end_of_record
TN:
SF:components\atoms\ButtonGreenIcon\ButtonGreenIcon.tsx
FN:16,(anonymous_0)
FN:32,(anonymous_1)
FNF:2
FNH:2
FNDA:4,(anonymous_0)
FNDA:4,(anonymous_1)
DA:16,1
DA:23,4
DA:32,4
LF:3
LH:3
BRDA:32,0,0,2
BRDA:32,0,1,2
BRF:2
BRH:2
end_of_record
TN:
SF:components\atoms\ButtonGreenIconFirst\ButtonGreenIconFirst.tsx
FN:16,(anonymous_0)
FN:30,(anonymous_1)
FNF:2
FNH:2
FNDA:4,(anonymous_0)
FNDA:4,(anonymous_1)
DA:16,1
DA:23,4
DA:30,4
LF:3
LH:3
BRDA:30,0,0,2
BRDA:30,0,1,2
BRF:2
BRH:2
end_of_record
TN:
SF:components\atoms\ButtonWhite\ButtonWhite.tsx
FN:12,(anonymous_0)
FN:21,(anonymous_1)
FNF:2
FNH:2
FNDA:4,(anonymous_0)
FNDA:4,(anonymous_1)
DA:12,1
DA:18,4
DA:21,4
LF:3
LH:3
BRDA:21,0,0,2
BRDA:21,0,1,2
BRF:2
BRH:2
end_of_record
TN:
SF:components\atoms\CalendarStripe\CalendarStripe.tsx
FN:19,(anonymous_0)
FN:24,(anonymous_1)
FN:28,(anonymous_2)
FN:29,(anonymous_3)
FN:53,(anonymous_4)
FNF:5
FNH:5
FNDA:3,(anonymous_0)
FNDA:1,(anonymous_1)
FNDA:2,(anonymous_2)
FNDA:1,(anonymous_3)
FNDA:1,(anonymous_4)
DA:19,1
DA:20,3
DA:22,3
DA:24,3
DA:25,1
DA:28,3
DA:30,1
DA:33,3
DA:53,1
DA:59,1
LF:10
LH:10
BRF:0
BRH:0
end_of_record
TN:
SF:components\atoms\CardGold\CardGold.tsx
FN:10,(anonymous_0)
FNF:1
FNH:0
FNDA:0,(anonymous_0)
DA:10,0
DA:11,0
LF:2
LH:0
BRF:0
BRH:0
end_of_record
TN:
SF:components\atoms\CardGrey\CardGrey.tsx
FN:9,(anonymous_0)
FNF:1
FNH:0
FNDA:0,(anonymous_0)
DA:9,0
DA:10,0
LF:2
LH:0
BRF:0
BRH:0
end_of_record
TN:
SF:components\atoms\CardWhite\CardWhite.tsx
FN:9,(anonymous_0)
FNF:1
FNH:0
FNDA:0,(anonymous_0)
DA:9,0
DA:10,0
LF:2
LH:0
BRF:0
BRH:0
end_of_record
TN:
SF:components\atoms\CustomIcon\CustomIcon.tsx
FN:8,(anonymous_0)
FNF:1
FNH:0
FNDA:0,(anonymous_0)
DA:8,0
DA:9,0
LF:2
LH:0
BRF:0
BRH:0
end_of_record
TN:
SF:components\atoms\CustomInput\CustomInput.tsx
FN:13,(anonymous_0)
FN:18,(anonymous_1)
FN:22,(anonymous_2)
FN:23,(anonymous_3)
FN:26,(anonymous_4)
FN:29,(anonymous_5)
FNF:6
FNH:0
FNDA:0,(anonymous_0)
FNDA:0,(anonymous_1)
FNDA:0,(anonymous_2)
FNDA:0,(anonymous_3)
FNDA:0,(anonymous_4)
FNDA:0,(anonymous_5)
DA:13,0
DA:14,0
DA:16,0
DA:18,0
DA:19,0
DA:22,0
DA:24,0
DA:27,0
DA:30,0
DA:34,0
DA:48,0
LF:11
LH:0
BRF:0
BRH:0
end_of_record
TN:
SF:components\atoms\CustomPasswordInput\CustomPasswordInput.tsx
FN:19,(anonymous_0)
FN:26,(anonymous_1)
FN:30,(anonymous_2)
FN:31,(anonymous_3)
FN:34,(anonymous_4)
FN:37,(anonymous_5)
FN:42,(anonymous_6)
FNF:7
FNH:0
FNDA:0,(anonymous_0)
FNDA:0,(anonymous_1)
FNDA:0,(anonymous_2)
FNDA:0,(anonymous_3)
FNDA:0,(anonymous_4)
FNDA:0,(anonymous_5)
FNDA:0,(anonymous_6)
DA:19,0
DA:20,0
DA:21,0
DA:22,0
DA:24,0
DA:26,0
DA:27,0
DA:30,0
DA:32,0
DA:35,0
DA:38,0
DA:42,0
DA:43,0
DA:44,0
DA:47,0
DA:65,0
LF:16
LH:0
BRDA:44,0,0,0
BRDA:44,0,1,0
BRF:2
BRH:0
end_of_record
TN:
SF:components\atoms\Divider\Divider.tsx
FN:5,(anonymous_0)
FNF:1
FNH:0
FNDA:0,(anonymous_0)
DA:5,0
DA:6,0
LF:2
LH:0
BRF:0
BRH:0
end_of_record
TN:
SF:components\atoms\DrawerMenuNotification\DrawerMenuNotification.tsx
FN:11,(anonymous_0)
FNF:1
FNH:0
FNDA:0,(anonymous_0)
DA:11,0
DA:14,0
LF:2
LH:0
BRF:0
BRH:0
end_of_record
TN:
SF:components\atoms\DropdownSelect\DropdownSelect.tsx
FN:19,(anonymous_0)
FN:22,(anonymous_1)
FN:27,(anonymous_2)
FN:28,(anonymous_3)
FN:48,(anonymous_4)
FN:49,(anonymous_5)
FNF:6
FNH:0
FNDA:0,(anonymous_0)
FNDA:0,(anonymous_1)
FNDA:0,(anonymous_2)
FNDA:0,(anonymous_3)
FNDA:0,(anonymous_4)
FNDA:0,(anonymous_5)
DA:19,0
DA:20,0
DA:22,0
DA:23,0
DA:24,0
DA:27,0
DA:29,0
DA:33,0
DA:34,0
DA:36,0
DA:48,0
DA:49,0
DA:57,0
LF:13
LH:0
BRDA:39,0,0,0
BRDA:39,0,1,0
BRF:2
BRH:0
end_of_record
TN:
SF:components\atoms\FAIcon\FAIcon.tsx
FN:11,(anonymous_0)
FNF:1
FNH:0
FNDA:0,(anonymous_0)
DA:11,0
DA:12,0
LF:2
LH:0
BRF:0
BRH:0
end_of_record
TN:
SF:components\atoms\HandymanName\HandymanName.tsx
FN:9,(anonymous_0)
FNF:1
FNH:0
FNDA:0,(anonymous_0)
DA:9,0
DA:10,0
LF:2
LH:0
BRF:0
BRH:0
end_of_record
TN:
SF:components\atoms\HandymanProfilePhoto\HandymanProfilePhoto.tsx
FN:9,(anonymous_0)
FNF:1
FNH:0
FNDA:0,(anonymous_0)
DA:9,0
DA:10,0
LF:2
LH:0
BRF:0
BRH:0
end_of_record
TN:
SF:components\atoms\Label\Label.tsx
FN:9,(anonymous_0)
FNF:1
FNH:0
FNDA:0,(anonymous_0)
DA:9,0
DA:10,0
LF:2
LH:0
BRF:0
BRH:0
end_of_record
TN:
SF:components\atoms\Link\Link.tsx
FN:11,(anonymous_0)
FNF:1
FNH:0
FNDA:0,(anonymous_0)
DA:11,0
DA:12,0
LF:2
LH:0
BRF:0
BRH:0
end_of_record
TN:
SF:components\atoms\LogoImage\LogoImage.tsx
FN:5,(anonymous_0)
FNF:1
FNH:0
FNDA:0,(anonymous_0)
DA:5,0
DA:6,0
LF:2
LH:0
BRF:0
BRH:0
end_of_record
TN:
SF:components\atoms\PressableCard\PressableCard.tsx
FN:10,(anonymous_0)
FN:15,(anonymous_1)
FNF:2
FNH:0
FNDA:0,(anonymous_0)
FNDA:0,(anonymous_1)
DA:10,0
DA:11,0
DA:15,0
LF:3
LH:0
BRDA:15,0,0,0
BRDA:15,0,1,0
BRF:2
BRH:0
end_of_record
TN:
SF:components\atoms\ProfilePhoto\ProfilePhoto.tsx
FN:9,(anonymous_0)
FNF:1
FNH:0
FNDA:0,(anonymous_0)
DA:9,0
DA:10,0
LF:2
LH:0
BRF:0
BRH:0
end_of_record
TN:
SF:components\atoms\SocialIcon\SocialIcon.tsx
FN:12,(anonymous_0)
FN:15,(anonymous_1)
FNF:2
FNH:0
FNDA:0,(anonymous_0)
FNDA:0,(anonymous_1)
DA:12,0
DA:13,0
DA:15,0
LF:3
LH:0
BRDA:15,0,0,0
BRDA:15,0,1,0
BRF:2
BRH:0
end_of_record
TN:
SF:components\atoms\TextArea\TextArea.tsx
FN:16,(anonymous_0)
FN:21,(anonymous_1)
FN:25,(anonymous_2)
FN:26,(anonymous_3)
FN:29,(anonymous_4)
FN:32,(anonymous_5)
FNF:6
FNH:0
FNDA:0,(anonymous_0)
FNDA:0,(anonymous_1)
FNDA:0,(anonymous_2)
FNDA:0,(anonymous_3)
FNDA:0,(anonymous_4)
FNDA:0,(anonymous_5)
DA:16,0
DA:17,0
DA:19,0
DA:21,0
DA:22,0
DA:25,0
DA:27,0
DA:30,0
DA:33,0
DA:36,0
DA:51,0
LF:11
LH:0
BRF:0
BRH:0
end_of_record
TN:
SF:components\atoms\TextLarge\TextLarge.tsx
FN:10,(anonymous_0)
FNF:1
FNH:0
FNDA:0,(anonymous_0)
DA:10,0
DA:11,0
LF:2
LH:0
BRF:0
BRH:0
end_of_record
TN:
SF:components\atoms\TextMedium\TextMedium.tsx
FN:10,(anonymous_0)
FNF:1
FNH:0
FNDA:0,(anonymous_0)
DA:10,0
DA:11,0
LF:2
LH:0
BRF:0
BRH:0
end_of_record
TN:
SF:components\atoms\TextSmall\TextSmall.tsx
FN:10,(anonymous_0)
FNF:1
FNH:1
FNDA:3,(anonymous_0)
DA:10,1
DA:11,3
LF:2
LH:2
BRF:0
BRH:0
end_of_record
TN:
SF:components\molecules\CalendarStripeWithLabel\CalendarStripeWithLabel.tsx
FN:27,(anonymous_0)
FN:30,(anonymous_1)
FN:31,(anonymous_2)
FNF:3
FNH:0
FNDA:0,(anonymous_0)
FNDA:0,(anonymous_1)
FNDA:0,(anonymous_2)
DA:27,0
DA:28,0
DA:30,0
DA:32,0
DA:36,0
DA:47,0
LF:6
LH:0
BRF:0
BRH:0
end_of_record
TN:
SF:components\molecules\CategoryCard\CategoryCard.tsx
FN:10,(anonymous_0)
FNF:1
FNH:0
FNDA:0,(anonymous_0)
DA:10,0
DA:11,0
LF:2
LH:0
BRF:0
BRH:0
end_of_record
TN:
SF:components\molecules\DollarIcon\DollarIcon.tsx
FN:7,(anonymous_0)
FNF:1
FNH:0
FNDA:0,(anonymous_0)
DA:7,0
DA:8,0
LF:2
LH:0
BRF:0
BRH:0
end_of_record
TN:
SF:components\molecules\DrawerMenuItem\DrawerMenuItem.tsx
FN:15,(anonymous_0)
FN:25,(anonymous_1)
FNF:2
FNH:0
FNDA:0,(anonymous_0)
FNDA:0,(anonymous_1)
DA:15,0
DA:23,0
DA:25,0
LF:3
LH:0
BRDA:25,0,0,0
BRDA:25,0,1,0
BRDA:34,1,0,0
BRDA:34,1,1,0
BRF:4
BRH:0
end_of_record
TN:
SF:components\molecules\DropdownSelectWithLabel\DropdownSelectWithLabel.tsx
FN:21,(anonymous_0)
FN:24,(anonymous_1)
FN:25,(anonymous_2)
FNF:3
FNH:0
FNDA:0,(anonymous_0)
FNDA:0,(anonymous_1)
FNDA:0,(anonymous_2)
DA:21,0
DA:22,0
DA:24,0
DA:26,0
DA:29,0
DA:44,0
LF:6
LH:0
BRF:0
BRH:0
end_of_record
TN:
SF:components\molecules\HandymanProfilePhotoWithStatus\HandymanProfilePhotoWithStatus.tsx
FN:12,(anonymous_0)
FNF:1
FNH:0
FNDA:0,(anonymous_0)
DA:12,0
DA:16,0
LF:2
LH:0
BRDA:22,0,0,0
BRDA:22,0,1,0
BRF:2
BRH:0
end_of_record
TN:
SF:components\molecules\HourlyRate\HourlyRate.tsx
FN:10,(anonymous_0)
FNF:1
FNH:0
FNDA:0,(anonymous_0)
DA:10,0
DA:11,0
LF:2
LH:0
BRF:0
BRH:0
end_of_record
TN:
SF:components\molecules\InputLabel\InputLabel.tsx
FN:18,(anonymous_0)
FN:21,(anonymous_1)
FN:22,(anonymous_2)
FN:25,(anonymous_3)
FNF:4
FNH:0
FNDA:0,(anonymous_0)
FNDA:0,(anonymous_1)
FNDA:0,(anonymous_2)
FNDA:0,(anonymous_3)
DA:18,0
DA:19,0
DA:21,0
DA:23,0
DA:26,0
DA:30,0
DA:38,0
LF:7
LH:0
BRDA:23,0,0,0
BRDA:23,0,1,0
BRF:2
BRH:0
end_of_record
TN:
SF:components\molecules\Logo\Logo.tsx
FN:6,(anonymous_0)
FNF:1
FNH:0
FNDA:0,(anonymous_0)
DA:6,0
DA:7,0
LF:2
LH:0
BRF:0
BRH:0
end_of_record
TN:
SF:components\molecules\OffButton\OffButton.tsx
FN:11,(anonymous_0)
FNF:1
FNH:0
FNDA:0,(anonymous_0)
DA:11,0
DA:12,0
LF:2
LH:0
BRF:0
BRH:0
end_of_record
TN:
SF:components\molecules\PasswordInputLabel\PasswordInputLabel.tsx
FN:22,(anonymous_0)
FN:25,(anonymous_1)
FN:26,(anonymous_2)
FN:29,(anonymous_3)
FNF:4
FNH:0
FNDA:0,(anonymous_0)
FNDA:0,(anonymous_1)
FNDA:0,(anonymous_2)
FNDA:0,(anonymous_3)
DA:22,0
DA:23,0
DA:25,0
DA:27,0
DA:30,0
DA:34,0
DA:42,0
LF:7
LH:0
BRDA:27,0,0,0
BRDA:27,0,1,0
BRF:2
BRH:0
end_of_record
TN:
SF:components\molecules\ProfilePhotoWithButton\ProfilePhotoWithButton.tsx
FN:13,(anonymous_0)
FN:19,(anonymous_1)
FN:26,(anonymous_2)
FN:29,(anonymous_3)
FN:35,(anonymous_4)
FN:36,(anonymous_5)
FNF:6
FNH:0
FNDA:0,(anonymous_0)
FNDA:0,(anonymous_1)
FNDA:0,(anonymous_2)
FNDA:0,(anonymous_3)
FNDA:0,(anonymous_4)
FNDA:0,(anonymous_5)
DA:13,0
DA:14,0
DA:17,0
DA:19,0
DA:20,0
DA:27,0
DA:30,0
DA:31,0
DA:35,0
DA:37,0
DA:40,0
DA:51,0
LF:12
LH:0
BRDA:30,0,0,0
BRDA:30,0,1,0
BRDA:37,1,0,0
BRDA:37,1,1,0
BRF:4
BRH:0
end_of_record
TN:
SF:components\molecules\RatingNumberCard\RatingNumberCard.tsx
FN:11,(anonymous_0)
FNF:1
FNH:0
FNDA:0,(anonymous_0)
DA:11,0
DA:12,0
LF:2
LH:0
BRF:0
BRH:0
end_of_record
TN:
SF:components\molecules\RatingReviews\RatingReviews.tsx
FN:15,(anonymous_0)
FNF:1
FNH:0
FNDA:0,(anonymous_0)
DA:15,0
DA:20,0
LF:2
LH:0
BRF:0
BRH:0
end_of_record
TN:
SF:components\molecules\StarRating\StarRating.tsx
FN:11,(anonymous_0)
FNF:1
FNH:0
FNDA:0,(anonymous_0)
DA:11,0
DA:12,0
LF:2
LH:0
BRDA:16,0,0,0
BRDA:16,0,1,0
BRDA:18,1,0,0
BRDA:18,1,1,0
BRDA:26,2,0,0
BRDA:26,2,1,0
BRDA:31,3,0,0
BRDA:31,3,1,0
BRDA:36,4,0,0
BRDA:36,4,1,0
BRDA:41,5,0,0
BRDA:41,5,1,0
BRF:12
BRH:0
end_of_record
TN:
SF:components\molecules\SubCategoryList\SubCategoryList.tsx
FN:11,(anonymous_0)
FN:18,(anonymous_1)
FN:19,(anonymous_2)
FNF:3
FNH:0
FNDA:0,(anonymous_0)
FNDA:0,(anonymous_1)
FNDA:0,(anonymous_2)
DA:11,0
DA:12,0
DA:18,0
DA:19,0
LF:4
LH:0
BRF:0
BRH:0
end_of_record
TN:
SF:components\molecules\TextAreaWithLabel\TextAreaWithLabel.tsx
FN:22,(anonymous_0)
FN:25,(anonymous_1)
FN:26,(anonymous_2)
FN:29,(anonymous_3)
FN:32,(anonymous_4)
FNF:5
FNH:0
FNDA:0,(anonymous_0)
FNDA:0,(anonymous_1)
FNDA:0,(anonymous_2)
FNDA:0,(anonymous_3)
FNDA:0,(anonymous_4)
DA:22,0
DA:23,0
DA:25,0
DA:27,0
DA:30,0
DA:33,0
DA:37,0
DA:47,0
LF:8
LH:0
BRDA:27,0,0,0
BRDA:27,0,1,0
BRF:2
BRH:0
end_of_record
TN:
SF:components\organisms\AppointmentForm\AppointmentForm.tsx
FN:26,(anonymous_0)
FN:44,(anonymous_1)
FN:60,(anonymous_2)
FNF:3
FNH:0
FNDA:0,(anonymous_0)
FNDA:0,(anonymous_1)
FNDA:0,(anonymous_2)
DA:26,0
DA:30,0
DA:32,0
DA:40,0
DA:41,0
DA:42,0
DA:44,0
DA:45,0
DA:46,0
DA:47,0
DA:49,0
DA:50,0
DA:56,0
DA:60,0
DA:61,0
DA:62,0
DA:65,0
LF:17
LH:0
BRDA:49,0,0,0
BRDA:49,0,1,0
BRDA:49,1,0,0
BRDA:49,1,1,0
BRDA:49,1,2,0
BRF:5
BRH:0
end_of_record
TN:
SF:components\organisms\CategoryMenu\CategoryMenu.tsx
FN:8,(anonymous_0)
FN:13,(anonymous_1)
FN:18,(anonymous_2)
FN:27,(anonymous_3)
FN:33,(anonymous_4)
FN:39,(anonymous_5)
FN:45,(anonymous_6)
FN:51,(anonymous_7)
FN:57,(anonymous_8)
FN:63,(anonymous_9)
FN:69,(anonymous_10)
FNF:11
FNH:0
FNDA:0,(anonymous_0)
FNDA:0,(anonymous_1)
FNDA:0,(anonymous_2)
FNDA:0,(anonymous_3)
FNDA:0,(anonymous_4)
FNDA:0,(anonymous_5)
FNDA:0,(anonymous_6)
FNDA:0,(anonymous_7)
FNDA:0,(anonymous_8)
FNDA:0,(anonymous_9)
FNDA:0,(anonymous_10)
DA:8,0
DA:9,0
DA:11,0
DA:13,0
DA:14,0
DA:15,0
DA:18,0
DA:19,0
DA:23,0
DA:27,0
DA:33,0
DA:39,0
DA:45,0
DA:51,0
DA:57,0
DA:63,0
DA:69,0
LF:17
LH:0
BRF:0
BRH:0
end_of_record
TN:
SF:components\organisms\DrawerContent\DrawerContent.tsx
FN:15,(anonymous_0)
FNF:1
FNH:0
FNDA:0,(anonymous_0)
DA:15,0
DA:21,0
LF:2
LH:0
BRF:0
BRH:0
end_of_record
TN:
SF:components\organisms\DrawerHeader\DrawerHeader.tsx
FN:14,(anonymous_0)
FNF:1
FNH:0
FNDA:0,(anonymous_0)
DA:14,0
DA:19,0
LF:2
LH:0
BRF:0
BRH:0
end_of_record
TN:
SF:components\organisms\DrawerMainItems\DrawerMainItems.tsx
FN:10,(anonymous_0)
FN:13,(anonymous_1)
FN:18,(anonymous_2)
FN:29,(anonymous_3)
FN:37,(anonymous_4)
FN:46,(anonymous_5)
FN:56,(anonymous_6)
FN:64,(anonymous_7)
FN:74,(anonymous_8)
FN:88,(anonymous_9)
FN:98,(anonymous_10)
FNF:11
FNH:0
FNDA:0,(anonymous_0)
FNDA:0,(anonymous_1)
FNDA:0,(anonymous_2)
FNDA:0,(anonymous_3)
FNDA:0,(anonymous_4)
FNDA:0,(anonymous_5)
FNDA:0,(anonymous_6)
FNDA:0,(anonymous_7)
FNDA:0,(anonymous_8)
FNDA:0,(anonymous_9)
FNDA:0,(anonymous_10)
DA:10,0
DA:11,0
DA:13,0
DA:14,0
DA:16,0
DA:18,0
DA:19,0
DA:22,0
DA:29,0
DA:37,0
DA:46,0
DA:56,0
DA:64,0
DA:74,0
DA:88,0
DA:98,0
LF:16
LH:0
BRDA:26,0,0,0
BRDA:26,0,1,0
BRDA:28,1,0,0
BRDA:28,1,1,0
BRDA:34,2,0,0
BRDA:34,2,1,0
BRDA:36,3,0,0
BRDA:36,3,1,0
BRDA:42,4,0,0
BRDA:42,4,1,0
BRDA:45,5,0,0
BRDA:45,5,1,0
BRDA:51,6,0,0
BRDA:51,6,1,0
BRDA:54,7,0,0
BRDA:54,7,1,0
BRDA:61,8,0,0
BRDA:61,8,1,0
BRDA:63,9,0,0
BRDA:63,9,1,0
BRDA:70,10,0,0
BRDA:70,10,1,0
BRDA:73,11,0,0
BRDA:73,11,1,0
BRDA:82,12,0,0
BRDA:82,12,1,0
BRDA:86,13,0,0
BRDA:86,13,1,0
BRDA:94,14,0,0
BRDA:94,14,1,0
BRDA:97,15,0,0
BRDA:97,15,1,0
BRF:32
BRH:0
end_of_record
TN:
SF:components\organisms\HandymanAppointmentCard\HandymanAppointmentCard.tsx
FN:23,(anonymous_0)
FNF:1
FNH:0
FNDA:0,(anonymous_0)
DA:23,0
DA:33,0
LF:2
LH:0
BRF:0
BRH:0
end_of_record
TN:
SF:components\organisms\HandymanCard\HandymanCard.tsx
FN:24,(anonymous_0)
FNF:1
FNH:0
FNDA:0,(anonymous_0)
DA:24,0
DA:35,0
LF:2
LH:0
BRF:0
BRH:0
end_of_record
TN:
SF:components\organisms\SignInForm\SignInForm.tsx
FN:19,(anonymous_0)
FN:27,(anonymous_1)
FNF:2
FNH:0
FNDA:0,(anonymous_0)
FNDA:0,(anonymous_1)
DA:19,0
DA:24,0
DA:25,0
DA:27,0
DA:28,0
DA:29,0
DA:31,0
DA:32,0
DA:34,0
DA:38,0
LF:10
LH:0
BRDA:31,0,0,0
BRDA:31,0,1,0
BRDA:31,1,0,0
BRDA:31,1,1,0
BRF:4
BRH:0
end_of_record
TN:
SF:components\organisms\SignInTop\SignInTop.tsx
FN:11,(anonymous_0)
FNF:1
FNH:0
FNDA:0,(anonymous_0)
DA:11,0
DA:12,0
LF:2
LH:0
BRF:0
BRH:0
end_of_record
TN:
SF:components\organisms\SignUpForm\SignUpForm.tsx
FN:24,(anonymous_0)
FN:30,(anonymous_1)
FNF:2
FNH:0
FNDA:0,(anonymous_0)
FNDA:0,(anonymous_1)
DA:24,0
DA:25,0
DA:26,0
DA:27,0
DA:28,0
DA:30,0
DA:31,0
DA:32,0
DA:33,0
DA:34,0
DA:36,0
DA:37,0
DA:44,0
DA:48,0
LF:14
LH:0
BRDA:36,0,0,0
BRDA:36,0,1,0
BRDA:36,1,0,0
BRDA:36,1,1,0
BRF:4
BRH:0
end_of_record
TN:
SF:components\organisms\SocialSignUp\SocialSignUp.tsx
FN:13,(anonymous_0)
FNF:1
FNH:0
FNDA:0,(anonymous_0)
DA:13,0
DA:18,0
LF:2
LH:0
BRF:0
BRH:0
end_of_record
TN:
SF:components\screens\DrawerScreen\DrawerScreen.tsx
FN:5,(anonymous_0)
FN:6,(anonymous_1)
FNF:2
FNH:0
FNDA:0,(anonymous_0)
FNDA:0,(anonymous_1)
DA:5,0
DA:6,0
DA:7,0
DA:9,0
LF:4
LH:0
BRF:0
BRH:0
end_of_record
TN:
SF:components\screens\HandymenListScreen\HandymenListScreen.tsx
FN:8,(anonymous_0)
FNF:1
FNH:0
FNDA:0,(anonymous_0)
DA:8,0
DA:9,0
DA:11,0
LF:3
LH:0
BRF:0
BRH:0
end_of_record
TN:
SF:components\screens\HireHandymanScreen\HireHandymanScreen.tsx
FN:9,(anonymous_0)
FN:13,(anonymous_1)
FN:30,(anonymous_2)
FNF:3
FNH:0
FNDA:0,(anonymous_0)
FNDA:0,(anonymous_1)
FNDA:0,(anonymous_2)
DA:9,0
DA:10,0
DA:11,0
DA:13,0
DA:18,0
DA:30,0
DA:31,0
DA:34,0
LF:8
LH:0
BRF:0
BRH:0
end_of_record
TN:
SF:components\screens\PickAHandymanScreen\PickAHandymanScreen.tsx
FN:4,(anonymous_0)
FNF:1
FNH:0
FNDA:0,(anonymous_0)
DA:4,0
DA:5,0
LF:2
LH:0
BRF:0
BRH:0
end_of_record
TN:
SF:components\screens\SignInScreen\SignInScreen.tsx
FN:7,(anonymous_0)
FN:11,(anonymous_1)
FN:15,(anonymous_2)
FN:19,(anonymous_3)
FNF:4
FNH:0
FNDA:0,(anonymous_0)
FNDA:0,(anonymous_1)
FNDA:0,(anonymous_2)
FNDA:0,(anonymous_3)
DA:7,0
DA:8,0
DA:10,0
DA:11,0
DA:12,0
DA:13,0
DA:15,0
DA:16,0
DA:19,0
DA:20,0
DA:22,0
LF:11
LH:0
BRF:0
BRH:0
end_of_record
TN:
SF:components\screens\SignUpScreen\SignUpScreen.tsx
FN:7,(anonymous_0)
FN:9,(anonymous_1)
FN:18,(anonymous_2)
FN:21,(anonymous_3)
FN:25,(anonymous_4)
FN:29,(anonymous_5)
FNF:6
FNH:0
FNDA:0,(anonymous_0)
FNDA:0,(anonymous_1)
FNDA:0,(anonymous_2)
FNDA:0,(anonymous_3)
FNDA:0,(anonymous_4)
FNDA:0,(anonymous_5)
DA:7,0
DA:8,0
DA:9,0
DA:15,0
DA:16,0
DA:18,0
DA:19,0
DA:21,0
DA:22,0
DA:25,0
DA:26,0
DA:29,0
DA:30,0
DA:32,0
LF:14
LH:0
BRF:0
BRH:0
end_of_record
TN:
SF:components\screens\WelcomeScreen\WelcomeScreen.tsx
FN:6,(anonymous_0)
FN:9,(anonymous_1)
FNF:2
FNH:0
FNDA:0,(anonymous_0)
FNDA:0,(anonymous_1)
DA:6,0
DA:7,0
DA:9,0
DA:10,0
DA:13,0
LF:5
LH:0
BRF:0
BRH:0
end_of_record
TN:
SF:components\templates\DrawerTemplate\DrawerTemplate.tsx
FN:43,(anonymous_0)
FN:51,(anonymous_1)
FNF:2
FNH:0
FNDA:0,(anonymous_0)
FNDA:0,(anonymous_1)
DA:41,0
DA:43,0
DA:49,0
DA:52,0
LF:4
LH:0
BRF:0
BRH:0
end_of_record
TN:
SF:components\templates\HandymenListTemplate\HandymenListTemplate.tsx
FN:16,(anonymous_0)
FN:21,(anonymous_1)
FN:22,(anonymous_2)
FN:28,(anonymous_3)
FN:49,(anonymous_4)
FN:50,(anonymous_5)
FN:62,(anonymous_6)
FNF:7
FNH:0
FNDA:0,(anonymous_0)
FNDA:0,(anonymous_1)
FNDA:0,(anonymous_2)
FNDA:0,(anonymous_3)
FNDA:0,(anonymous_4)
FNDA:0,(anonymous_5)
FNDA:0,(anonymous_6)
DA:16,0
DA:17,0
DA:19,0
DA:21,0
DA:22,0
DA:23,0
DA:25,0
DA:28,0
DA:29,0
DA:32,0
DA:34,0
DA:49,0
DA:51,0
DA:63,0
LF:14
LH:0
BRF:0
BRH:0
end_of_record
TN:
SF:components\templates\HireHandymanTemplate\HireHandymanTemplate.tsx
FN:26,(anonymous_0)
FNF:1
FNH:0
FNDA:0,(anonymous_0)
DA:26,0
DA:38,0
LF:2
LH:0
BRF:0
BRH:0
end_of_record
TN:
SF:components\templates\PickAHandymanTemplate\PickAHandymanTemplate.tsx
FN:10,(anonymous_0)
FNF:1
FNH:0
FNDA:0,(anonymous_0)
DA:10,0
DA:11,0
LF:2
LH:0
BRF:0
BRH:0
end_of_record
TN:
SF:components\templates\SignInTemplate\SignInTemplate.tsx
FN:14,(anonymous_0)
FNF:1
FNH:0
FNDA:0,(anonymous_0)
DA:14,0
DA:20,0
LF:2
LH:0
BRF:0
BRH:0
end_of_record
TN:
SF:components\templates\SignUpTemplate\SignUpTemplate.tsx
FN:21,(anonymous_0)
FNF:1
FNH:0
FNDA:0,(anonymous_0)
DA:21,0
DA:28,0
LF:2
LH:0
BRF:0
BRH:0
end_of_record
TN:
SF:components\templates\WelcomeTemplate\WelcomeTemplate.tsx
FN:10,(anonymous_0)
FNF:1
FNH:0
FNDA:0,(anonymous_0)
DA:10,0
DA:11,0
LF:2
LH:0
BRF:0
BRH:0
end_of_record
